#
# There is insufficient memory for the Java Runtime Environment to continue.
# Native memory allocation (malloc) failed to allocate 487856 bytes for Chunk::new
# Possible reasons:
#   The system is out of physical RAM or swap space
#   The process is running with CompressedOops enabled, and the Java Heap may be blocking the growth of the native heap
# Possible solutions:
#   Reduce memory load on the system
#   Increase physical memory or swap space
#   Check if swap backing store is full
#   Decrease Java heap size (-Xmx/-Xms)
#   Decrease number of Java threads
#   Decrease Java thread stack sizes (-Xss)
#   Set larger code cache with -XX:ReservedCodeCacheSize=
#   JVM is running with Unscaled Compressed Oops mode in which the Java heap is
#     placed in the first 4GB address space. The Java Heap base address is the
#     maximum limit for the native heap growth. Please use -XX:HeapBaseMinAddress
#     to set the Java Heap base and to place the Java Heap above 4GB virtual address.
# This output file may be truncated or incomplete.
#
#  Out of Memory Error (./src/hotspot/share/memory/arena.cpp:197), pid=35368, tid=35480
#
# JRE version: OpenJDK Runtime Environment (11.0.8+10) (build 11.0.8+10-b944.6842174)
# Java VM: OpenJDK 64-Bit Server VM (11.0.8+10-b944.6842174, mixed mode, tiered, compressed oops, g1 gc, windows-amd64)
# No core dump will be written. Minidumps are not enabled by default on client versions of Windows
#

---------------  S U M M A R Y ------------

Command Line: --add-opens=java.base/java.util=ALL-UNNAMED --add-opens=java.base/java.lang=ALL-UNNAMED --add-opens=java.base/java.lang.invoke=ALL-UNNAMED --add-opens=java.prefs/java.util.prefs=ALL-UNNAMED -Xmx2048m -Dfile.encoding=UTF-8 -Duser.country=US -Duser.language=en -Duser.variant org.gradle.launcher.daemon.bootstrap.GradleDaemon 6.7.1

Host: 12th Gen Intel(R) Core(TM) i5-1235U, 12 cores, 7G,  Windows 10 , 64 bit Build 22000 (10.0.22000.675)
Time: Fri May 27 16:13:46 2022 India Standard Time elapsed time: 107 seconds (0d 0h 1m 47s)

---------------  T H R E A D  ---------------

Current thread (0x00000241e8318800):  JavaThread "C2 CompilerThread0" daemon [_thread_in_native, id=35480, stack(0x00000045d4100000,0x00000045d4200000)]


Current CompileTask:
C2: 107238 14545       4       org.gradle.cache.internal.DefaultCacheAccess$UnitOfWorkFileAccess::readFile (14 bytes)

Stack: [0x00000045d4100000,0x00000045d4200000]
Native frames: (J=compiled Java code, j=interpreted, Vv=VM code, C=native code)
V  [jvm.dll+0x5de50a]
V  [jvm.dll+0x7122f5]
V  [jvm.dll+0x71384d]
V  [jvm.dll+0x713f03]
V  [jvm.dll+0x23e728]
V  [jvm.dll+0xb899c]
V  [jvm.dll+0xb8e9c]
V  [jvm.dll+0x35024d]
V  [jvm.dll+0x193cbc]
V  [jvm.dll+0x1f780e]
V  [jvm.dll+0x1f68d4]
V  [jvm.dll+0x17f32c]
V  [jvm.dll+0x205047]
V  [jvm.dll+0x203891]
V  [jvm.dll+0x6dad3f]
V  [jvm.dll+0x6d3895]
V  [jvm.dll+0x5dd4a6]
C  [ucrtbase.dll+0x26c0c]
C  [KERNEL32.DLL+0x154e0]
C  [ntdll.dll+0x485b]


---------------  P R O C E S S  ---------------

Threads class SMR info:
_java_thread_list=0x00000241ee50a590, length=41, elements={
0x00000241cb1cc000, 0x00000241e798b800, 0x00000241e7995800, 0x00000241e8316800,
0x00000241e8317800, 0x00000241e8318800, 0x00000241e831f000, 0x00000241e8320000,
0x00000241e846a800, 0x00000241e8476800, 0x00000241e9f39000, 0x00000241e953a800,
0x00000241e9989000, 0x00000241ea07a800, 0x00000241ea079000, 0x00000241ea07b800,
0x00000241ea07a000, 0x00000241ecf4c800, 0x00000241ea32b800, 0x00000241eceb2800,
0x00000241eceb1000, 0x00000241ecebd800, 0x00000241ecebb800, 0x00000241ecebc800,
0x00000241eceba000, 0x00000241eceb9800, 0x00000241eceb8800, 0x00000241ecebb000,
0x00000241ee88b800, 0x00000241ee888000, 0x00000241ee885800, 0x00000241ee889000,
0x00000241ee88c000, 0x00000241ee886800, 0x00000241ee887000, 0x00000241ee88a800,
0x00000241ee88e000, 0x00000241ee88d000, 0x00000241ee88e800, 0x00000241ee88f800,
0x00000241ee889800
}

Java Threads: ( => current thread )
  0x00000241cb1cc000 JavaThread "main" [_thread_blocked, id=35432, stack(0x00000045d3600000,0x00000045d3700000)]
  0x00000241e798b800 JavaThread "Reference Handler" daemon [_thread_blocked, id=35464, stack(0x00000045d3d00000,0x00000045d3e00000)]
  0x00000241e7995800 JavaThread "Finalizer" daemon [_thread_blocked, id=35468, stack(0x00000045d3e00000,0x00000045d3f00000)]
  0x00000241e8316800 JavaThread "Signal Dispatcher" daemon [_thread_blocked, id=35472, stack(0x00000045d3f00000,0x00000045d4000000)]
  0x00000241e8317800 JavaThread "Attach Listener" daemon [_thread_blocked, id=35476, stack(0x00000045d4000000,0x00000045d4100000)]
=>0x00000241e8318800 JavaThread "C2 CompilerThread0" daemon [_thread_in_native, id=35480, stack(0x00000045d4100000,0x00000045d4200000)]
  0x00000241e831f000 JavaThread "C1 CompilerThread0" daemon [_thread_in_vm, id=35484, stack(0x00000045d4200000,0x00000045d4300000)]
  0x00000241e8320000 JavaThread "Sweeper thread" daemon [_thread_blocked, id=35488, stack(0x00000045d4300000,0x00000045d4400000)]
  0x00000241e846a800 JavaThread "Common-Cleaner" daemon [_thread_blocked, id=35492, stack(0x00000045d4400000,0x00000045d4500000)]
  0x00000241e8476800 JavaThread "Service Thread" daemon [_thread_blocked, id=35496, stack(0x00000045d4500000,0x00000045d4600000)]
  0x00000241e9f39000 JavaThread "Daemon health stats" [_thread_blocked, id=35600, stack(0x00000045d4800000,0x00000045d4900000)]
  0x00000241e953a800 JavaThread "Incoming local TCP Connector on port 64924" [_thread_in_native, id=35612, stack(0x00000045d4b00000,0x00000045d4c00000)]
  0x00000241e9989000 JavaThread "Daemon periodic checks" [_thread_blocked, id=35624, stack(0x00000045d4c00000,0x00000045d4d00000)]
  0x00000241ea07a800 JavaThread "Cache worker for file hash cache (C:\Users\HP\.gradle\caches\6.7.1\fileHashes)" [_thread_blocked, id=35708, stack(0x00000045d5c00000,0x00000045d5d00000)]
  0x00000241ea079000 JavaThread "File lock request listener" [_thread_in_native, id=35712, stack(0x00000045d5d00000,0x00000045d5e00000)]
  0x00000241ea07b800 JavaThread "Cache worker for journal cache (C:\Users\HP\.gradle\caches\journal-1)" [_thread_blocked, id=35724, stack(0x00000045d6000000,0x00000045d6100000)]
  0x00000241ea07a000 JavaThread "Cache worker for execution history cache (C:\Users\HP\.gradle\caches\6.7.1\executionHistory)" [_thread_blocked, id=35744, stack(0x00000045d6500000,0x00000045d6600000)]
  0x00000241ecf4c800 JavaThread "Cache worker for file content cache (C:\Users\HP\.gradle\caches\6.7.1\fileContent)" [_thread_blocked, id=35788, stack(0x00000045d6700000,0x00000045d6800000)]
  0x00000241ea32b800 JavaThread "Memory manager" [_thread_blocked, id=35268, stack(0x00000045dd600000,0x00000045dd700000)]
  0x00000241eceb2800 JavaThread "Cache worker for Java compile cache (C:\Users\HP\.gradle\caches\6.7.1\javaCompile)" [_thread_blocked, id=35832, stack(0x00000045deb00000,0x00000045dec00000)]
  0x00000241eceb1000 JavaThread "ForkJoinPool.commonPool-worker-19" daemon [_thread_blocked, id=36448, stack(0x00000045df500000,0x00000045df600000)]
  0x00000241ecebd800 JavaThread "ForkJoinPool.commonPool-worker-5" daemon [_thread_blocked, id=36452, stack(0x00000045df600000,0x00000045df700000)]
  0x00000241ecebb800 JavaThread "ForkJoinPool.commonPool-worker-23" daemon [_thread_blocked, id=36456, stack(0x00000045df700000,0x00000045df800000)]
  0x00000241ecebc800 JavaThread "ForkJoinPool.commonPool-worker-9" daemon [_thread_blocked, id=36460, stack(0x00000045df800000,0x00000045df900000)]
  0x00000241eceba000 JavaThread "ForkJoinPool.commonPool-worker-13" daemon [_thread_blocked, id=36468, stack(0x00000045dfa00000,0x00000045dfb00000)]
  0x00000241eceb9800 JavaThread "ForkJoinPool.commonPool-worker-31" daemon [_thread_blocked, id=36472, stack(0x00000045dfb00000,0x00000045dfc00000)]
  0x00000241eceb8800 JavaThread "ForkJoinPool.commonPool-worker-17" daemon [_thread_blocked, id=36476, stack(0x00000045dfc00000,0x00000045dfd00000)]
  0x00000241ecebb000 JavaThread "ForkJoinPool.commonPool-worker-3" daemon [_thread_blocked, id=36480, stack(0x00000045dfd00000,0x00000045dfe00000)]
  0x00000241ee88b800 JavaThread "ForkJoinPool.commonPool-worker-21" daemon [_thread_blocked, id=36484, stack(0x00000045dfe00000,0x00000045dff00000)]
  0x00000241ee888000 JavaThread "Daemon Thread 2" [_thread_blocked, id=35404, stack(0x00000045d3400000,0x00000045d3500000)]
  0x00000241ee885800 JavaThread "Handler for socket connection from /127.0.0.1:64924 to /127.0.0.1:64974" [_thread_in_native, id=35536, stack(0x00000045d3500000,0x00000045d3600000)]
  0x00000241ee889000 JavaThread "Cancel handler" [_thread_blocked, id=23008, stack(0x00000045d4d00000,0x00000045d4e00000)]
  0x00000241ee88c000 JavaThread "Daemon worker Thread 2" [_thread_in_Java, id=35508, stack(0x00000045d4e00000,0x00000045d4f00000)]
  0x00000241ee886800 JavaThread "Asynchronous log dispatcher for DefaultDaemonConnection: socket connection from /127.0.0.1:64924 to /127.0.0.1:64974" [_thread_blocked, id=31616, stack(0x00000045d4f00000,0x00000045d5000000)]
  0x00000241ee887000 JavaThread "Stdin handler" [_thread_blocked, id=16016, stack(0x00000045d5000000,0x00000045d5100000)]
  0x00000241ee88a800 JavaThread "Thread-164" [_thread_blocked, id=27192, stack(0x00000045d5100000,0x00000045d5200000)]
  0x00000241ee88e000 JavaThread "Cache worker for file hash cache (D:\TaskActivity\.gradle\6.7.1\fileHashes)" [_thread_blocked, id=11180, stack(0x00000045d5200000,0x00000045d5300000)]
  0x00000241ee88d000 JavaThread "Cache worker for checksums cache (D:\TaskActivity\.gradle\checksums)" [_thread_blocked, id=29708, stack(0x00000045d5300000,0x00000045d5400000)]
  0x00000241ee88e800 JavaThread "Cache worker for cache directory md-supplier (C:\Users\HP\.gradle\caches\6.7.1\md-supplier)" [_thread_blocked, id=30020, stack(0x00000045d6100000,0x00000045d6200000)]
  0x00000241ee88f800 JavaThread "Cache worker for cache directory md-rule (C:\Users\HP\.gradle\caches\6.7.1\md-rule)" [_thread_blocked, id=35740, stack(0x00000045d6200000,0x00000045d6300000)]
  0x00000241ee889800 JavaThread "Cache worker for Build Output Cleanup Cache (D:\TaskActivity\.gradle\buildOutputCleanup)" [_thread_blocked, id=6944, stack(0x00000045d6300000,0x00000045d6400000)]

Other Threads:
  0x00000241e7988000 VMThread "VM Thread" [stack: 0x00000045d3c00000,0x00000045d3d00000] [id=35460]
  0x00000241e8479800 WatcherThread [stack: 0x00000045d4600000,0x00000045d4700000] [id=35500]
  0x00000241cb2c4000 GCTaskThread "GC Thread#0" [stack: 0x00000045d3700000,0x00000045d3800000] [id=35436]
  0x00000241e8df8800 GCTaskThread "GC Thread#1" [stack: 0x00000045d4700000,0x00000045d4800000] [id=35540]
  0x00000241ea005800 GCTaskThread "GC Thread#2" [stack: 0x00000045d5400000,0x00000045d5500000] [id=35664]
  0x00000241e9361800 GCTaskThread "GC Thread#3" [stack: 0x00000045d5500000,0x00000045d5600000] [id=35668]
  0x00000241e888a800 GCTaskThread "GC Thread#4" [stack: 0x00000045d5600000,0x00000045d5700000] [id=35672]
  0x00000241ea01a800 GCTaskThread "GC Thread#5" [stack: 0x00000045d5700000,0x00000045d5800000] [id=35676]
  0x00000241ea0af800 GCTaskThread "GC Thread#6" [stack: 0x00000045d5800000,0x00000045d5900000] [id=35680]
  0x00000241ea065800 GCTaskThread "GC Thread#7" [stack: 0x00000045d5900000,0x00000045d5a00000] [id=35684]
  0x00000241ea1c5800 GCTaskThread "GC Thread#8" [stack: 0x00000045d5a00000,0x00000045d5b00000] [id=35688]
  0x00000241ea0aa800 GCTaskThread "GC Thread#9" [stack: 0x00000045d5b00000,0x00000045d5c00000] [id=35692]
  0x00000241cb2f6000 ConcurrentGCThread "G1 Main Marker" [stack: 0x00000045d3800000,0x00000045d3900000] [id=35440]
  0x00000241cb2f9000 ConcurrentGCThread "G1 Conc#0" [stack: 0x00000045d3900000,0x00000045d3a00000] [id=35444]
  0x00000241ea106800 ConcurrentGCThread "G1 Conc#1" [stack: 0x00000045d5e00000,0x00000045d5f00000] [id=35716]
  0x00000241e83e1800 ConcurrentGCThread "G1 Conc#2" [stack: 0x00000045d5f00000,0x00000045d6000000] [id=35720]
  0x00000241cb38d800 ConcurrentGCThread "G1 Refine#0" [stack: 0x00000045d3a00000,0x00000045d3b00000] [id=35448]
  0x00000241e8c0a800 ConcurrentGCThread "G1 Refine#1" [stack: 0x00000045d3300000,0x00000045d3400000] [id=8560]
  0x00000241e77d6800 ConcurrentGCThread "G1 Young RemSet Sampling" [stack: 0x00000045d3b00000,0x00000045d3c00000] [id=35452]

Threads with active compile tasks:
C2 CompilerThread0 107347 14545       4       org.gradle.cache.internal.DefaultCacheAccess$UnitOfWorkFileAccess::readFile (14 bytes)
C1 CompilerThread0 107347 14647       3       org.gradle.api.internal.artifacts.ivyservice.resolveengine.graph.builder.SelectorState::addReasonsForSelector (329 bytes)

VM state:not at safepoint (normal execution)

VM Mutex/Monitor currently owned by a thread: None

Heap address: 0x0000000080000000, size: 2048 MB, Compressed Oops mode: 32-bit
Narrow klass base: 0x0000000000000000, Narrow klass shift: 3
Compressed class space size: 1073741824 Address: 0x0000000100000000

Heap:
 garbage-first heap   total 152576K, used 98698K [0x0000000080000000, 0x0000000100000000)
  region size 1024K, 6 young (6144K), 3 survivors (3072K)
 Metaspace       used 109361K, capacity 111861K, committed 113484K, reserved 1146880K
  class space    used 13893K, capacity 14820K, committed 15488K, reserved 1048576K
Heap Regions: E=young(eden), S=young(survivor), O=old, HS=humongous(starts), HC=humongous(continues), CS=collection set, F=free, A=archive, TAMS=top-at-mark-start (previous, next)
|   0|0x0000000080000000, 0x0000000080100000, 0x0000000080100000|100%| O|  |TAMS 0x0000000080100000, 0x0000000080000000| Untracked 
|   1|0x0000000080100000, 0x0000000080200000, 0x0000000080200000|100%| O|  |TAMS 0x0000000080200000, 0x0000000080100000| Untracked 
|   2|0x0000000080200000, 0x0000000080300000, 0x0000000080300000|100%| O|  |TAMS 0x0000000080300000, 0x0000000080200000| Untracked 
|   3|0x0000000080300000, 0x0000000080400000, 0x0000000080400000|100%|HS|  |TAMS 0x0000000080400000, 0x0000000080300000| Complete 
|   4|0x0000000080400000, 0x0000000080500000, 0x0000000080500000|100%|HC|  |TAMS 0x0000000080500000, 0x0000000080400000| Complete 
|   5|0x0000000080500000, 0x0000000080600000, 0x0000000080600000|100%|HC|  |TAMS 0x0000000080600000, 0x0000000080500000| Complete 
|   6|0x0000000080600000, 0x0000000080700000, 0x0000000080700000|100%| O|  |TAMS 0x0000000080700000, 0x0000000080600000| Untracked 
|   7|0x0000000080700000, 0x0000000080800000, 0x0000000080800000|100%| O|  |TAMS 0x0000000080800000, 0x0000000080700000| Untracked 
|   8|0x0000000080800000, 0x0000000080900000, 0x0000000080900000|100%| O|  |TAMS 0x0000000080900000, 0x0000000080800000| Complete 
|   9|0x0000000080900000, 0x0000000080a00000, 0x0000000080a00000|100%| O|  |TAMS 0x0000000080a00000, 0x0000000080900000| Untracked 
|  10|0x0000000080a00000, 0x0000000080b00000, 0x0000000080b00000|100%| O|  |TAMS 0x0000000080b00000, 0x0000000080a00000| Complete 
|  11|0x0000000080b00000, 0x0000000080c00000, 0x0000000080c00000|100%| O|  |TAMS 0x0000000080c00000, 0x0000000080b00000| Untracked 
|  12|0x0000000080c00000, 0x0000000080d00000, 0x0000000080d00000|100%| O|  |TAMS 0x0000000080d00000, 0x0000000080c00000| Untracked 
|  13|0x0000000080d00000, 0x0000000080e00000, 0x0000000080e00000|100%| O|  |TAMS 0x0000000080e00000, 0x0000000080d00000| Untracked 
|  14|0x0000000080e00000, 0x0000000080f00000, 0x0000000080f00000|100%| O|  |TAMS 0x0000000080f00000, 0x0000000080e00000| Untracked 
|  15|0x0000000080f00000, 0x0000000081000000, 0x0000000081000000|100%| O|  |TAMS 0x0000000081000000, 0x0000000080f00000| Untracked 
|  16|0x0000000081000000, 0x0000000081100000, 0x0000000081100000|100%| O|  |TAMS 0x0000000081100000, 0x0000000081000000| Untracked 
|  17|0x0000000081100000, 0x0000000081200000, 0x0000000081200000|100%| O|  |TAMS 0x0000000081200000, 0x0000000081100000| Untracked 
|  18|0x0000000081200000, 0x0000000081300000, 0x0000000081300000|100%| O|  |TAMS 0x0000000081300000, 0x0000000081200000| Untracked 
|  19|0x0000000081300000, 0x0000000081400000, 0x0000000081400000|100%| O|  |TAMS 0x0000000081400000, 0x0000000081300000| Untracked 
|  20|0x0000000081400000, 0x0000000081500000, 0x0000000081500000|100%| O|  |TAMS 0x0000000081500000, 0x0000000081400000| Untracked 
|  21|0x0000000081500000, 0x0000000081600000, 0x0000000081600000|100%|HS|  |TAMS 0x0000000081600000, 0x0000000081500000| Complete 
|  22|0x0000000081600000, 0x0000000081700000, 0x0000000081700000|100%|HS|  |TAMS 0x0000000081700000, 0x0000000081600000| Complete 
|  23|0x0000000081700000, 0x0000000081800000, 0x0000000081800000|100%|HC|  |TAMS 0x0000000081800000, 0x0000000081700000| Complete 
|  24|0x0000000081800000, 0x0000000081900000, 0x0000000081900000|100%| O|  |TAMS 0x0000000081900000, 0x0000000081800000| Untracked 
|  25|0x0000000081900000, 0x0000000081a00000, 0x0000000081a00000|100%| O|  |TAMS 0x0000000081a00000, 0x0000000081900000| Untracked 
|  26|0x0000000081a00000, 0x0000000081b00000, 0x0000000081b00000|100%| O|  |TAMS 0x0000000081b00000, 0x0000000081a00000| Untracked 
|  27|0x0000000081b00000, 0x0000000081c00000, 0x0000000081c00000|100%| O|  |TAMS 0x0000000081c00000, 0x0000000081b00000| Untracked 
|  28|0x0000000081c00000, 0x0000000081d00000, 0x0000000081d00000|100%| O|  |TAMS 0x0000000081d00000, 0x0000000081c00000| Complete 
|  29|0x0000000081d00000, 0x0000000081e00000, 0x0000000081e00000|100%| O|  |TAMS 0x0000000081e00000, 0x0000000081d00000| Untracked 
|  30|0x0000000081e00000, 0x0000000081f00000, 0x0000000081f00000|100%| O|  |TAMS 0x0000000081f00000, 0x0000000081e00000| Untracked 
|  31|0x0000000081f00000, 0x0000000082000000, 0x0000000082000000|100%| O|  |TAMS 0x0000000082000000, 0x0000000081f00000| Untracked 
|  32|0x0000000082000000, 0x0000000082100000, 0x0000000082100000|100%| O|  |TAMS 0x0000000082100000, 0x0000000082000000| Untracked 
|  33|0x0000000082100000, 0x0000000082200000, 0x0000000082200000|100%| O|  |TAMS 0x0000000082200000, 0x0000000082100000| Complete 
|  34|0x0000000082200000, 0x0000000082300000, 0x0000000082300000|100%| O|  |TAMS 0x0000000082300000, 0x0000000082200000| Untracked 
|  35|0x0000000082300000, 0x0000000082300000, 0x0000000082400000|  0%| F|  |TAMS 0x0000000082300000, 0x0000000082300000| Untracked 
|  36|0x0000000082400000, 0x0000000082500000, 0x0000000082500000|100%| O|  |TAMS 0x0000000082500000, 0x0000000082400000| Untracked 
|  37|0x0000000082500000, 0x0000000082600000, 0x0000000082600000|100%| O|  |TAMS 0x0000000082600000, 0x0000000082500000| Untracked 
|  38|0x0000000082600000, 0x0000000082700000, 0x0000000082700000|100%| O|  |TAMS 0x0000000082700000, 0x0000000082600000| Untracked 
|  39|0x0000000082700000, 0x0000000082800000, 0x0000000082800000|100%| O|  |TAMS 0x0000000082800000, 0x0000000082700000| Untracked 
|  40|0x0000000082800000, 0x0000000082900000, 0x0000000082900000|100%| O|  |TAMS 0x0000000082900000, 0x0000000082800000| Untracked 
|  41|0x0000000082900000, 0x0000000082a00000, 0x0000000082a00000|100%| O|  |TAMS 0x0000000082a00000, 0x0000000082900000| Untracked 
|  42|0x0000000082a00000, 0x0000000082b00000, 0x0000000082b00000|100%| O|  |TAMS 0x0000000082b00000, 0x0000000082a00000| Untracked 
|  43|0x0000000082b00000, 0x0000000082c00000, 0x0000000082c00000|100%| O|  |TAMS 0x0000000082c00000, 0x0000000082b00000| Untracked 
|  44|0x0000000082c00000, 0x0000000082d00000, 0x0000000082d00000|100%| O|  |TAMS 0x0000000082d00000, 0x0000000082c00000| Untracked 
|  45|0x0000000082d00000, 0x0000000082e00000, 0x0000000082e00000|100%| O|  |TAMS 0x0000000082e00000, 0x0000000082d00000| Untracked 
|  46|0x0000000082e00000, 0x0000000082f00000, 0x0000000082f00000|100%| O|  |TAMS 0x0000000082f00000, 0x0000000082e00000| Untracked 
|  47|0x0000000082f00000, 0x0000000083000000, 0x0000000083000000|100%| O|  |TAMS 0x0000000083000000, 0x0000000082f00000| Untracked 
|  48|0x0000000083000000, 0x0000000083100000, 0x0000000083100000|100%| O|  |TAMS 0x0000000083100000, 0x0000000083000000| Complete 
|  49|0x0000000083100000, 0x0000000083200000, 0x0000000083200000|100%| O|  |TAMS 0x0000000083200000, 0x0000000083100000| Untracked 
|  50|0x0000000083200000, 0x0000000083300000, 0x0000000083300000|100%| O|  |TAMS 0x0000000083300000, 0x0000000083200000| Untracked 
|  51|0x0000000083300000, 0x0000000083400000, 0x0000000083400000|100%| O|  |TAMS 0x0000000083400000, 0x0000000083300000| Complete 
|  52|0x0000000083400000, 0x0000000083500000, 0x0000000083500000|100%| O|  |TAMS 0x0000000083500000, 0x0000000083400000| Untracked 
|  53|0x0000000083500000, 0x0000000083600000, 0x0000000083600000|100%| O|  |TAMS 0x0000000083600000, 0x0000000083500000| Untracked 
|  54|0x0000000083600000, 0x0000000083700000, 0x0000000083700000|100%| O|  |TAMS 0x0000000083700000, 0x0000000083600000| Complete 
|  55|0x0000000083700000, 0x0000000083700000, 0x0000000083800000|  0%| F|  |TAMS 0x0000000083700000, 0x0000000083700000| Untracked 
|  56|0x0000000083800000, 0x0000000083900000, 0x0000000083900000|100%| O|  |TAMS 0x0000000083900000, 0x0000000083800000| Untracked 
|  57|0x0000000083900000, 0x0000000083a00000, 0x0000000083a00000|100%| O|  |TAMS 0x0000000083a00000, 0x0000000083900000| Untracked 
|  58|0x0000000083a00000, 0x0000000083b00000, 0x0000000083b00000|100%| O|  |TAMS 0x0000000083b00000, 0x0000000083a00000| Complete 
|  59|0x0000000083b00000, 0x0000000083c00000, 0x0000000083c00000|100%| O|  |TAMS 0x0000000083c00000, 0x0000000083b00000| Complete 
|  60|0x0000000083c00000, 0x0000000083d00000, 0x0000000083d00000|100%| O|  |TAMS 0x0000000083d00000, 0x0000000083c00000| Untracked 
|  61|0x0000000083d00000, 0x0000000083e00000, 0x0000000083e00000|100%| O|  |TAMS 0x0000000083e00000, 0x0000000083d00000| Complete 
|  62|0x0000000083e00000, 0x0000000083f00000, 0x0000000083f00000|100%| O|  |TAMS 0x0000000083f00000, 0x0000000083e00000| Complete 
|  63|0x0000000083f00000, 0x0000000084000000, 0x0000000084000000|100%| O|  |TAMS 0x0000000084000000, 0x0000000083f00000| Complete 
|  64|0x0000000084000000, 0x0000000084100000, 0x0000000084100000|100%| O|  |TAMS 0x0000000084100000, 0x0000000084000000| Complete 
|  65|0x0000000084100000, 0x0000000084200000, 0x0000000084200000|100%| O|  |TAMS 0x0000000084200000, 0x0000000084100000| Complete 
|  66|0x0000000084200000, 0x0000000084300000, 0x0000000084300000|100%| O|  |TAMS 0x0000000084300000, 0x0000000084200000| Untracked 
|  67|0x0000000084300000, 0x0000000084400000, 0x0000000084400000|100%| O|  |TAMS 0x0000000084400000, 0x0000000084300000| Untracked 
|  68|0x0000000084400000, 0x0000000084500000, 0x0000000084500000|100%| O|  |TAMS 0x0000000084500000, 0x0000000084400000| Untracked 
|  69|0x0000000084500000, 0x0000000084600000, 0x0000000084600000|100%| O|  |TAMS 0x0000000084600000, 0x0000000084500000| Complete 
|  70|0x0000000084600000, 0x0000000084700000, 0x0000000084700000|100%| O|  |TAMS 0x0000000084700000, 0x0000000084600000| Complete 
|  71|0x0000000084700000, 0x0000000084700000, 0x0000000084800000|  0%| F|  |TAMS 0x0000000084700000, 0x0000000084700000| Untracked 
|  72|0x0000000084800000, 0x0000000084800000, 0x0000000084900000|  0%| F|  |TAMS 0x0000000084800000, 0x0000000084800000| Untracked 
|  73|0x0000000084900000, 0x0000000084900000, 0x0000000084a00000|  0%| F|  |TAMS 0x0000000084900000, 0x0000000084900000| Untracked 
|  74|0x0000000084a00000, 0x0000000084a00000, 0x0000000084b00000|  0%| F|  |TAMS 0x0000000084a00000, 0x0000000084a00000| Untracked 
|  75|0x0000000084b00000, 0x0000000084b00000, 0x0000000084c00000|  0%| F|  |TAMS 0x0000000084b00000, 0x0000000084b00000| Untracked 
|  76|0x0000000084c00000, 0x0000000084d00000, 0x0000000084d00000|100%| O|  |TAMS 0x0000000084d00000, 0x0000000084c00000| Complete 
|  77|0x0000000084d00000, 0x0000000084e00000, 0x0000000084e00000|100%| O|  |TAMS 0x0000000084e00000, 0x0000000084d00000| Untracked 
|  78|0x0000000084e00000, 0x0000000084f00000, 0x0000000084f00000|100%| O|  |TAMS 0x0000000084f00000, 0x0000000084e00000| Untracked 
|  79|0x0000000084f00000, 0x0000000085000000, 0x0000000085000000|100%| O|  |TAMS 0x0000000085000000, 0x0000000084f00000| Complete 
|  80|0x0000000085000000, 0x0000000085000000, 0x0000000085100000|  0%| F|  |TAMS 0x0000000085000000, 0x0000000085000000| Untracked 
|  81|0x0000000085100000, 0x0000000085100000, 0x0000000085200000|  0%| F|  |TAMS 0x0000000085100000, 0x0000000085100000| Untracked 
|  82|0x0000000085200000, 0x0000000085300000, 0x0000000085300000|100%| O|  |TAMS 0x0000000085300000, 0x0000000085200000| Complete 
|  83|0x0000000085300000, 0x0000000085400000, 0x0000000085400000|100%| O|  |TAMS 0x0000000085400000, 0x0000000085300000| Complete 
|  84|0x0000000085400000, 0x0000000085400000, 0x0000000085500000|  0%| F|  |TAMS 0x0000000085400000, 0x0000000085400000| Untracked 
|  85|0x0000000085500000, 0x0000000085600000, 0x0000000085600000|100%| O|  |TAMS 0x0000000085600000, 0x0000000085500000| Complete 
|  86|0x0000000085600000, 0x0000000085700000, 0x0000000085700000|100%| O|  |TAMS 0x0000000085700000, 0x0000000085600000| Complete 
|  87|0x0000000085700000, 0x0000000085800000, 0x0000000085800000|100%| O|  |TAMS 0x0000000085800000, 0x0000000085700000| Complete 
|  88|0x0000000085800000, 0x0000000085900000, 0x0000000085900000|100%| O|  |TAMS 0x0000000085900000, 0x0000000085800000| Complete 
|  89|0x0000000085900000, 0x0000000085a00000, 0x0000000085a00000|100%| O|  |TAMS 0x0000000085a00000, 0x0000000085900000| Complete 
|  90|0x0000000085a00000, 0x0000000085b00000, 0x0000000085b00000|100%| O|  |TAMS 0x0000000085b00000, 0x0000000085a00000| Complete 
|  91|0x0000000085b00000, 0x0000000085c00000, 0x0000000085c00000|100%| O|  |TAMS 0x0000000085c00000, 0x0000000085b00000| Complete 
|  92|0x0000000085c00000, 0x0000000085d00000, 0x0000000085d00000|100%| O|  |TAMS 0x0000000085d00000, 0x0000000085c00000| Complete 
|  93|0x0000000085d00000, 0x0000000085e00000, 0x0000000085e00000|100%| O|  |TAMS 0x0000000085e00000, 0x0000000085d00000| Complete 
|  94|0x0000000085e00000, 0x0000000085f00000, 0x0000000085f00000|100%| O|  |TAMS 0x0000000085f00000, 0x0000000085e00000| Complete 
|  95|0x0000000085f00000, 0x0000000086000000, 0x0000000086000000|100%| O|  |TAMS 0x0000000086000000, 0x0000000085f00000| Complete 
|  96|0x0000000086000000, 0x0000000086100000, 0x0000000086100000|100%| O|  |TAMS 0x0000000086100000, 0x0000000086000000| Complete 
|  97|0x0000000086100000, 0x0000000086200000, 0x0000000086200000|100%| O|  |TAMS 0x0000000086200000, 0x0000000086100000| Complete 
|  98|0x0000000086200000, 0x0000000086300000, 0x0000000086300000|100%| O|  |TAMS 0x0000000086300000, 0x0000000086200000| Complete 
|  99|0x0000000086300000, 0x0000000086400000, 0x0000000086400000|100%| O|  |TAMS 0x0000000086400000, 0x0000000086300000| Complete 
| 100|0x0000000086400000, 0x0000000086500000, 0x0000000086500000|100%| O|  |TAMS 0x0000000086500000, 0x0000000086400000| Complete 
| 101|0x0000000086500000, 0x0000000086600000, 0x0000000086600000|100%| O|  |TAMS 0x0000000086600000, 0x0000000086500000| Complete 
| 102|0x0000000086600000, 0x0000000086600000, 0x0000000086700000|  0%| F|  |TAMS 0x0000000086600000, 0x0000000086600000| Untracked 
| 103|0x0000000086700000, 0x0000000086700000, 0x0000000086800000|  0%| F|  |TAMS 0x0000000086700000, 0x0000000086700000| Untracked 
| 104|0x0000000086800000, 0x0000000086800000, 0x0000000086900000|  0%| F|  |TAMS 0x0000000086800000, 0x0000000086800000| Untracked 
| 105|0x0000000086900000, 0x0000000086900000, 0x0000000086a00000|  0%| F|  |TAMS 0x0000000086900000, 0x0000000086900000| Untracked 
| 106|0x0000000086a00000, 0x0000000086a00000, 0x0000000086b00000|  0%| F|  |TAMS 0x0000000086a00000, 0x0000000086a00000| Untracked 
| 107|0x0000000086b00000, 0x0000000086b00000, 0x0000000086c00000|  0%| F|  |TAMS 0x0000000086b00000, 0x0000000086b00000| Untracked 
| 108|0x0000000086c00000, 0x0000000086c00000, 0x0000000086d00000|  0%| F|  |TAMS 0x0000000086c00000, 0x0000000086c00000| Untracked 
| 109|0x0000000086d00000, 0x0000000086d00000, 0x0000000086e00000|  0%| F|  |TAMS 0x0000000086d00000, 0x0000000086d00000| Untracked 
| 110|0x0000000086e00000, 0x0000000086e00000, 0x0000000086f00000|  0%| F|  |TAMS 0x0000000086e00000, 0x0000000086e00000| Untracked 
| 111|0x0000000086f00000, 0x0000000086f00000, 0x0000000087000000|  0%| F|  |TAMS 0x0000000086f00000, 0x0000000086f00000| Untracked 
| 112|0x0000000087000000, 0x0000000087000000, 0x0000000087100000|  0%| F|  |TAMS 0x0000000087000000, 0x0000000087000000| Untracked 
| 113|0x0000000087100000, 0x0000000087100000, 0x0000000087200000|  0%| F|  |TAMS 0x0000000087100000, 0x0000000087100000| Untracked 
| 114|0x0000000087200000, 0x0000000087200000, 0x0000000087300000|  0%| F|  |TAMS 0x0000000087200000, 0x0000000087200000| Untracked 
| 115|0x0000000087300000, 0x0000000087300000, 0x0000000087400000|  0%| F|  |TAMS 0x0000000087300000, 0x0000000087300000| Untracked 
| 116|0x0000000087400000, 0x0000000087400000, 0x0000000087500000|  0%| F|  |TAMS 0x0000000087400000, 0x0000000087400000| Untracked 
| 117|0x0000000087500000, 0x0000000087500000, 0x0000000087600000|  0%| F|  |TAMS 0x0000000087500000, 0x0000000087500000| Untracked 
| 118|0x0000000087600000, 0x0000000087600000, 0x0000000087700000|  0%| F|  |TAMS 0x0000000087600000, 0x0000000087600000| Untracked 
| 119|0x0000000087700000, 0x0000000087700000, 0x0000000087800000|  0%| F|  |TAMS 0x0000000087700000, 0x0000000087700000| Untracked 
| 120|0x0000000087800000, 0x0000000087862a20, 0x0000000087900000| 38%| S|CS|TAMS 0x0000000087800000, 0x0000000087800000| Complete 
| 121|0x0000000087900000, 0x0000000087a00000, 0x0000000087a00000|100%| S|CS|TAMS 0x0000000087900000, 0x0000000087900000| Complete 
| 122|0x0000000087a00000, 0x0000000087b00000, 0x0000000087b00000|100%| S|CS|TAMS 0x0000000087a00000, 0x0000000087a00000| Complete 
| 123|0x0000000087b00000, 0x0000000087b00000, 0x0000000087c00000|  0%| F|  |TAMS 0x0000000087b00000, 0x0000000087b00000| Untracked 
| 124|0x0000000087c00000, 0x0000000087c00000, 0x0000000087d00000|  0%| F|  |TAMS 0x0000000087c00000, 0x0000000087c00000| Untracked 
| 125|0x0000000087d00000, 0x0000000087d00000, 0x0000000087e00000|  0%| F|  |TAMS 0x0000000087d00000, 0x0000000087d00000| Untracked 
| 126|0x0000000087e00000, 0x0000000087e00000, 0x0000000087f00000|  0%| F|  |TAMS 0x0000000087e00000, 0x0000000087e00000| Untracked 
| 127|0x0000000087f00000, 0x0000000087f00000, 0x0000000088000000|  0%| F|  |TAMS 0x0000000087f00000, 0x0000000087f00000| Untracked 
| 128|0x0000000088000000, 0x0000000088000000, 0x0000000088100000|  0%| F|  |TAMS 0x0000000088000000, 0x0000000088000000| Untracked 
| 129|0x0000000088100000, 0x0000000088100000, 0x0000000088200000|  0%| F|  |TAMS 0x0000000088100000, 0x0000000088100000| Untracked 
| 130|0x0000000088200000, 0x0000000088200000, 0x0000000088300000|  0%| F|  |TAMS 0x0000000088200000, 0x0000000088200000| Untracked 
| 131|0x0000000088300000, 0x0000000088300000, 0x0000000088400000|  0%| F|  |TAMS 0x0000000088300000, 0x0000000088300000| Untracked 
| 132|0x0000000088400000, 0x0000000088400000, 0x0000000088500000|  0%| F|  |TAMS 0x0000000088400000, 0x0000000088400000| Untracked 
| 133|0x0000000088500000, 0x0000000088500000, 0x0000000088600000|  0%| F|  |TAMS 0x0000000088500000, 0x0000000088500000| Untracked 
| 134|0x0000000088600000, 0x0000000088600000, 0x0000000088700000|  0%| F|  |TAMS 0x0000000088600000, 0x0000000088600000| Untracked 
| 135|0x0000000088700000, 0x0000000088700000, 0x0000000088800000|  0%| F|  |TAMS 0x0000000088700000, 0x0000000088700000| Untracked 
| 136|0x0000000088800000, 0x0000000088800000, 0x0000000088900000|  0%| F|  |TAMS 0x0000000088800000, 0x0000000088800000| Untracked 
| 137|0x0000000088900000, 0x0000000088900000, 0x0000000088a00000|  0%| F|  |TAMS 0x0000000088900000, 0x0000000088900000| Untracked 
| 138|0x0000000088a00000, 0x0000000088a00000, 0x0000000088b00000|  0%| F|  |TAMS 0x0000000088a00000, 0x0000000088a00000| Untracked 
| 139|0x0000000088b00000, 0x0000000088b00000, 0x0000000088c00000|  0%| F|  |TAMS 0x0000000088b00000, 0x0000000088b00000| Untracked 
| 140|0x0000000088c00000, 0x0000000088c00000, 0x0000000088d00000|  0%| F|  |TAMS 0x0000000088c00000, 0x0000000088c00000| Untracked 
| 141|0x0000000088d00000, 0x0000000088d00000, 0x0000000088e00000|  0%| F|  |TAMS 0x0000000088d00000, 0x0000000088d00000| Untracked 
| 142|0x0000000088e00000, 0x0000000088e00000, 0x0000000088f00000|  0%| F|  |TAMS 0x0000000088e00000, 0x0000000088e00000| Untracked 
| 143|0x0000000088f00000, 0x0000000088f00000, 0x0000000089000000|  0%| F|  |TAMS 0x0000000088f00000, 0x0000000088f00000| Untracked 
| 144|0x0000000089000000, 0x0000000089000000, 0x0000000089100000|  0%| F|  |TAMS 0x0000000089000000, 0x0000000089000000| Untracked 
| 145|0x0000000089100000, 0x000000008910f7f0, 0x0000000089200000|  6%| E|  |TAMS 0x0000000089100000, 0x0000000089100000| Complete 
| 146|0x0000000089200000, 0x0000000089300000, 0x0000000089300000|100%| E|CS|TAMS 0x0000000089200000, 0x0000000089200000| Complete 
| 147|0x0000000089300000, 0x0000000089400000, 0x0000000089400000|100%| E|CS|TAMS 0x0000000089300000, 0x0000000089300000| Complete 
| 148|0x0000000089400000, 0x0000000089500000, 0x0000000089500000|100%| E|CS|TAMS 0x0000000089400000, 0x0000000089400000| Complete 

Card table byte_map: [0x00000241e0490000,0x00000241e0890000] _byte_map_base: 0x00000241e0090000

Marking Bits (Prev, Next): (CMBitMap*) 0x00000241cb2ed030, (CMBitMap*) 0x00000241cb2ecff8
 Prev Bits: [0x00000241e2c90000, 0x00000241e4c90000)
 Next Bits: [0x00000241e0c90000, 0x00000241e2c90000)

Polling page: 0x00000241cb390000

Metaspace:

Usage:
  Non-class:     94.77 MB capacity,    93.24 MB ( 98%) used,     1.23 MB (  1%) free+waste,   307.63 KB ( <1%) overhead. 
      Class:     14.47 MB capacity,    13.57 MB ( 94%) used,   788.35 KB (  5%) free+waste,   137.94 KB ( <1%) overhead. 
       Both:    109.24 MB capacity,   106.81 MB ( 98%) used,     2.00 MB (  2%) free+waste,   445.56 KB ( <1%) overhead. 

Virtual space:
  Non-class space:       96.00 MB reserved,      95.70 MB (>99%) committed 
      Class space:        1.00 GB reserved,      15.13 MB (  1%) committed 
             Both:        1.09 GB reserved,     110.82 MB ( 10%) committed 

Chunk freelists:
   Non-Class:  761.00 KB
       Class:  572.00 KB
        Both:  1.30 MB

MaxMetaspaceSize: 17179869184.00 GB
CompressedClassSpaceSize: 1.00 GB

CodeHeap 'non-profiled nmethods': size=120000Kb used=6134Kb max_used=7273Kb free=113865Kb
 bounds [0x00000241d7ee0000, 0x00000241d8600000, 0x00000241df410000]
CodeHeap 'profiled nmethods': size=120000Kb used=24041Kb max_used=29345Kb free=95958Kb
 bounds [0x00000241d09b0000, 0x00000241d2660000, 0x00000241d7ee0000]
CodeHeap 'non-nmethods': size=5760Kb used=2315Kb max_used=2366Kb free=3444Kb
 bounds [0x00000241d0410000, 0x00000241d0680000, 0x00000241d09b0000]
 total_blobs=13064 nmethods=12133 adapters=841
 compilation: enabled
              stopped_count=0, restarted_count=0
 full_count=0

Compilation events (20 events):
Event: 107.179 Thread 0x00000241e831f000 nmethod 14571 0x00000241d0add990 code [0x00000241d0addbe0, 0x00000241d0ade478]
Event: 107.179 Thread 0x00000241e831f000 14572       3       org.gradle.api.internal.artifacts.ivyservice.ivyresolve.ComponentMetaDataResolveState::process (68 bytes)
Event: 107.181 Thread 0x00000241e831f000 nmethod 14572 0x00000241d0ae1f90 code [0x00000241d0ae21c0, 0x00000241d0ae2908]
Event: 107.181 Thread 0x00000241e831f000 14573       3       org.gradle.api.internal.artifacts.ivyservice.ivyresolve.ErrorHandlingModuleComponentRepository$ErrorHandlingModuleComponentRepositoryAccess::resolveComponentMetaData (27 bytes)
Event: 107.184 Thread 0x00000241e831f000 nmethod 14573 0x00000241d0ae5090 code [0x00000241d0ae5320, 0x00000241d0ae6118]
Event: 107.184 Thread 0x00000241e831f000 14574       3       org.gradle.api.internal.artifacts.ivyservice.ivyresolve.ErrorHandlingModuleComponentRepository$ErrorHandlingModuleComponentRepositoryAccess$$Lambda$292/0x00000001005b7c40::get$Lambda (12 bytes)
Event: 107.185 Thread 0x00000241e831f000 nmethod 14574 0x00000241d0ad7290 code [0x00000241d0ad7460, 0x00000241d0ad77d8]
Event: 107.185 Thread 0x00000241e831f000 14575       3       org.gradle.api.internal.artifacts.ivyservice.ivyresolve.ErrorHandlingModuleComponentRepository$ErrorHandlingModuleComponentRepositoryAccess$$Lambda$292/0x00000001005b7c40::<init> (26 bytes)
Event: 107.185 Thread 0x00000241e831f000 nmethod 14575 0x00000241d0a9dd10 code [0x00000241d0a9dee0, 0x00000241d0a9e1b8]
Event: 107.185 Thread 0x00000241e831f000 14576       3       org.gradle.api.internal.artifacts.ivyservice.ivyresolve.ErrorHandlingModuleComponentRepository$ErrorHandlingModuleComponentRepositoryAccess$$Lambda$293/0x00000001005b7040::get$Lambda (9 bytes)
Event: 107.185 Thread 0x00000241e831f000 nmethod 14576 0x00000241d0a9f210 code [0x00000241d0a9f3e0, 0x00000241d0a9f638]
Event: 107.192 Thread 0x00000241e831f000 14577       3       org.gradle.api.internal.artifacts.ivyservice.resolveengine.graph.builder.DependencyGraphBuilder::resolveEdges (43 bytes)
Event: 107.193 Thread 0x00000241e831f000 nmethod 14577 0x00000241d0add290 code [0x00000241d0add480, 0x00000241d0add7d8]
Event: 107.197 Thread 0x00000241e831f000 14578       3       org.gradle.api.internal.artifacts.ivyservice.resolveengine.graph.builder.DependencyState::isNewReason (40 bytes)
Event: 107.198 Thread 0x00000241e831f000 nmethod 14578 0x00000241d0ae0490 code [0x00000241d0ae0680, 0x00000241d0ae0b38]
Event: 107.217 Thread 0x00000241e831f000 14579       3       org.gradle.api.internal.artifacts.ivyservice.moduleconverter.dependencies.DefaultExcludeRuleConverter::<init> (10 bytes)
Event: 107.218 Thread 0x00000241e831f000 nmethod 14579 0x00000241d0a9e890 code [0x00000241d0a9ea40, 0x00000241d0a9ebf8]
Event: 107.218 Thread 0x00000241e831f000 14580       3       org.gradle.api.internal.artifacts.ivyservice.ivyresolve.ErrorHandlingModuleComponentRepository$ErrorHandlingModuleComponentRepositoryAccess::estimateMetadataFetchingCost (11 bytes)
Event: 107.219 Thread 0x00000241e831f000 nmethod 14580 0x00000241d0ac3d10 code [0x00000241d0ac3ec0, 0x00000241d0ac4088]
Event: 107.219 Thread 0x00000241e831f000 14581       3       org.gradle.api.internal.artifacts.ivyservice.ivyresolve.CachingModuleComponentRepository$LocateInCacheRepositoryAccess::estimateMetadataFetchingCost (186 bytes)

GC Heap History (20 events):
Event: 34.233 GC heap before
{Heap before GC invocations=42 (full 0):
 garbage-first heap   total 152576K, used 123311K [0x0000000080000000, 0x0000000100000000)
  region size 1024K, 36 young (36864K), 5 survivors (5120K)
 Metaspace       used 94752K, capacity 96952K, committed 97100K, reserved 1134592K
  class space    used 12071K, capacity 12848K, committed 12928K, reserved 1048576K
}
Event: 34.241 GC heap after
{Heap after GC invocations=43 (full 0):
 garbage-first heap   total 152576K, used 88609K [0x0000000080000000, 0x0000000100000000)
  region size 1024K, 3 young (3072K), 3 survivors (3072K)
 Metaspace       used 94752K, capacity 96952K, committed 97100K, reserved 1134592K
  class space    used 12071K, capacity 12848K, committed 12928K, reserved 1048576K
}
Event: 34.256 GC heap before
{Heap before GC invocations=43 (full 0):
 garbage-first heap   total 152576K, used 91681K [0x0000000080000000, 0x0000000100000000)
  region size 1024K, 7 young (7168K), 3 survivors (3072K)
 Metaspace       used 94765K, capacity 96952K, committed 97100K, reserved 1134592K
  class space    used 12072K, capacity 12848K, committed 12928K, reserved 1048576K
}
Event: 34.259 GC heap after
{Heap after GC invocations=44 (full 0):
 garbage-first heap   total 152576K, used 88189K [0x0000000080000000, 0x0000000100000000)
  region size 1024K, 1 young (1024K), 1 survivors (1024K)
 Metaspace       used 94765K, capacity 96952K, committed 97100K, reserved 1134592K
  class space    used 12072K, capacity 12848K, committed 12928K, reserved 1048576K
}
Event: 34.955 GC heap before
{Heap before GC invocations=44 (full 0):
 garbage-first heap   total 152576K, used 119933K [0x0000000080000000, 0x0000000100000000)
  region size 1024K, 33 young (33792K), 1 survivors (1024K)
 Metaspace       used 98444K, capacity 100838K, committed 101068K, reserved 1136640K
  class space    used 12616K, capacity 13472K, committed 13568K, reserved 1048576K
}
Event: 34.964 GC heap after
{Heap after GC invocations=45 (full 0):
 garbage-first heap   total 152576K, used 96207K [0x0000000080000000, 0x0000000100000000)
  region size 1024K, 5 young (5120K), 5 survivors (5120K)
 Metaspace       used 98444K, capacity 100838K, committed 101068K, reserved 1136640K
  class space    used 12616K, capacity 13472K, committed 13568K, reserved 1048576K
}
Event: 35.455 GC heap before
{Heap before GC invocations=45 (full 0):
 garbage-first heap   total 152576K, used 121807K [0x0000000080000000, 0x0000000100000000)
  region size 1024K, 31 young (31744K), 5 survivors (5120K)
 Metaspace       used 101801K, capacity 104675K, committed 104780K, reserved 1140736K
  class space    used 13266K, capacity 14364K, committed 14464K, reserved 1048576K
}
Event: 35.465 GC heap after
{Heap after GC invocations=46 (full 0):
 garbage-first heap   total 152576K, used 99366K [0x0000000080000000, 0x0000000100000000)
  region size 1024K, 4 young (4096K), 4 survivors (4096K)
 Metaspace       used 101801K, capacity 104675K, committed 104780K, reserved 1140736K
  class space    used 13266K, capacity 14364K, committed 14464K, reserved 1048576K
}
Event: 35.842 GC heap before
{Heap before GC invocations=46 (full 0):
 garbage-first heap   total 152576K, used 122918K [0x0000000080000000, 0x0000000100000000)
  region size 1024K, 28 young (28672K), 4 survivors (4096K)
 Metaspace       used 103464K, capacity 106506K, committed 106572K, reserved 1140736K
  class space    used 13511K, capacity 14675K, committed 14720K, reserved 1048576K
}
Event: 35.853 GC heap after
{Heap after GC invocations=47 (full 0):
 garbage-first heap   total 152576K, used 102759K [0x0000000080000000, 0x0000000100000000)
  region size 1024K, 4 young (4096K), 4 survivors (4096K)
 Metaspace       used 103464K, capacity 106506K, committed 106572K, reserved 1140736K
  class space    used 13511K, capacity 14675K, committed 14720K, reserved 1048576K
}
Event: 38.294 GC heap before
{Heap before GC invocations=48 (full 0):
 garbage-first heap   total 152576K, used 127335K [0x0000000080000000, 0x0000000100000000)
  region size 1024K, 27 young (27648K), 4 survivors (4096K)
 Metaspace       used 103761K, capacity 106629K, committed 107084K, reserved 1142784K
  class space    used 13442K, capacity 14537K, committed 14720K, reserved 1048576K
}
Event: 38.298 GC heap after
{Heap after GC invocations=49 (full 0):
 garbage-first heap   total 152576K, used 101469K [0x0000000080000000, 0x0000000100000000)
  region size 1024K, 2 young (2048K), 2 survivors (2048K)
 Metaspace       used 103761K, capacity 106629K, committed 107084K, reserved 1142784K
  class space    used 13442K, capacity 14537K, committed 14720K, reserved 1048576K
}
Event: 38.350 GC heap before
{Heap before GC invocations=49 (full 0):
 garbage-first heap   total 152576K, used 105565K [0x0000000080000000, 0x0000000100000000)
  region size 1024K, 7 young (7168K), 2 survivors (2048K)
 Metaspace       used 103926K, capacity 106807K, committed 107468K, reserved 1142784K
  class space    used 13465K, capacity 14573K, committed 14848K, reserved 1048576K
}
Event: 38.355 GC heap after
{Heap after GC invocations=50 (full 0):
 garbage-first heap   total 152576K, used 93350K [0x0000000080000000, 0x0000000100000000)
  region size 1024K, 1 young (1024K), 1 survivors (1024K)
 Metaspace       used 103926K, capacity 106807K, committed 107468K, reserved 1142784K
  class space    used 13465K, capacity 14573K, committed 14848K, reserved 1048576K
}
Event: 39.250 GC heap before
{Heap before GC invocations=50 (full 0):
 garbage-first heap   total 152576K, used 125094K [0x0000000080000000, 0x0000000100000000)
  region size 1024K, 30 young (30720K), 1 survivors (1024K)
 Metaspace       used 105558K, capacity 108584K, committed 109004K, reserved 1142784K
  class space    used 13745K, capacity 14891K, committed 15104K, reserved 1048576K
}
Event: 39.256 GC heap after
{Heap after GC invocations=51 (full 0):
 garbage-first heap   total 152576K, used 96771K [0x0000000080000000, 0x0000000100000000)
  region size 1024K, 4 young (4096K), 4 survivors (4096K)
 Metaspace       used 105558K, capacity 108584K, committed 109004K, reserved 1142784K
  class space    used 13745K, capacity 14891K, committed 15104K, reserved 1048576K
}
Event: 39.731 GC heap before
{Heap before GC invocations=51 (full 0):
 garbage-first heap   total 152576K, used 117251K [0x0000000080000000, 0x0000000100000000)
  region size 1024K, 24 young (24576K), 4 survivors (4096K)
 Metaspace       used 106957K, capacity 110046K, committed 110156K, reserved 1144832K
  class space    used 13937K, capacity 15127K, committed 15232K, reserved 1048576K
}
Event: 39.738 GC heap after
{Heap after GC invocations=52 (full 0):
 garbage-first heap   total 152576K, used 97941K [0x0000000080000000, 0x0000000100000000)
  region size 1024K, 2 young (2048K), 2 survivors (2048K)
 Metaspace       used 106957K, capacity 110046K, committed 110156K, reserved 1144832K
  class space    used 13937K, capacity 15127K, committed 15232K, reserved 1048576K
}
Event: 106.954 GC heap before
{Heap before GC invocations=53 (full 0):
 garbage-first heap   total 152576K, used 132404K [0x0000000080000000, 0x0000000100000000)
  region size 1024K, 26 young (26624K), 2 survivors (2048K)
 Metaspace       used 109278K, capacity 111789K, committed 113228K, reserved 1146880K
  class space    used 13893K, capacity 14820K, committed 15488K, reserved 1048576K
}
Event: 107.042 GC heap after
{Heap after GC invocations=54 (full 0):
 garbage-first heap   total 152576K, used 96650K [0x0000000080000000, 0x0000000100000000)
  region size 1024K, 3 young (3072K), 3 survivors (3072K)
 Metaspace       used 109278K, capacity 111789K, committed 113228K, reserved 1146880K
  class space    used 13893K, capacity 14820K, committed 15488K, reserved 1048576K
}

Deoptimization events (20 events):
Event: 105.813 Thread 0x00000241ee885800 Uncommon trap: trap_request=0xffffffde fr.pc=0x00000241d85cb584 relative=0x00000000000009a4
Event: 105.813 Thread 0x00000241ee885800 Uncommon trap: reason=class_check action=maybe_recompile pc=0x00000241d85cb584 method=sun.nio.ch.IOUtil.read(Ljava/io/FileDescriptor;Ljava/nio/ByteBuffer;JZILsun/nio/ch/NativeDispatcher;)I @ 1 c2
Event: 105.813 Thread 0x00000241ee885800 DEOPT PACKING pc=0x00000241d85cb584 sp=0x00000045d35fc940
Event: 105.814 Thread 0x00000241ee885800 DEOPT UNPACKING pc=0x00000241d04374af sp=0x00000045d35fc928 mode 2
Event: 106.124 Thread 0x00000241ee88c000 Uncommon trap: trap_request=0xffffffc6 fr.pc=0x00000241d846cc94 relative=0x00000000000009d4
Event: 106.124 Thread 0x00000241ee88c000 Uncommon trap: reason=bimorphic_or_optimized_type_check action=maybe_recompile pc=0x00000241d846cc94 method=com.google.common.collect.ImmutableSet.copyOf(Ljava/util/Collection;)Lcom/google/common/collect/ImmutableSet; @ 29 c2
Event: 106.125 Thread 0x00000241ee88c000 DEOPT PACKING pc=0x00000241d846cc94 sp=0x00000045d4efbfd0
Event: 106.127 Thread 0x00000241ee88c000 DEOPT UNPACKING pc=0x00000241d04374af sp=0x00000045d4efbfa8 mode 2
Event: 106.165 Thread 0x00000241ee88c000 Uncommon trap: trap_request=0xffffff4d fr.pc=0x00000241d83ecce0 relative=0x00000000000009e0
Event: 106.165 Thread 0x00000241ee88c000 Uncommon trap: reason=unstable_if action=reinterpret pc=0x00000241d83ecce0 method=org.gradle.tooling.internal.provider.runner.SubtreeFilteringBuildOperationListener.started(Lorg/gradle/internal/operations/BuildOperationDescriptor;Lorg/gradle/internal/oper
Event: 106.166 Thread 0x00000241ee88c000 DEOPT PACKING pc=0x00000241d83ecce0 sp=0x00000045d4efce90
Event: 106.166 Thread 0x00000241ee88c000 DEOPT UNPACKING pc=0x00000241d04374af sp=0x00000045d4efce48 mode 2
Event: 106.166 Thread 0x00000241ee88c000 Uncommon trap: trap_request=0xffffff4d fr.pc=0x00000241d7fb7380 relative=0x0000000000006840
Event: 106.167 Thread 0x00000241ee88c000 Uncommon trap: reason=unstable_if action=reinterpret pc=0x00000241d7fb7380 method=org.gradle.internal.logging.sink.OutputEventTransformer.onOutput(Lorg/gradle/internal/logging/events/OutputEvent;)V @ 84 c2
Event: 106.167 Thread 0x00000241ee88c000 DEOPT PACKING pc=0x00000241d7fb7380 sp=0x00000045d4efccb0
Event: 106.167 Thread 0x00000241ee88c000 DEOPT UNPACKING pc=0x00000241d04374af sp=0x00000045d4efccd8 mode 2
Event: 106.743 Thread 0x00000241ee88c000 Uncommon trap: trap_request=0xffffffde fr.pc=0x00000241d8577248 relative=0x00000000000009e8
Event: 106.744 Thread 0x00000241ee88c000 Uncommon trap: reason=class_check action=maybe_recompile pc=0x00000241d8577248 method=org.gradle.cache.internal.LockOnDemandCrossProcessCacheAccess.incrementLockCount()V @ 97 c2
Event: 106.744 Thread 0x00000241ee88c000 DEOPT PACKING pc=0x00000241d8577248 sp=0x00000045d4ef7b60
Event: 106.744 Thread 0x00000241ee88c000 DEOPT UNPACKING pc=0x00000241d04374af sp=0x00000045d4ef7b40 mode 2

Classes redefined (0 events):
No events

Internal exceptions (20 events):
Event: 35.780 Thread 0x00000241eceb5000 Exception <a 'java/lang/NoSuchMethodError'{0x0000000088067388}: 'void java.lang.invoke.DirectMethodHandle$Holder.invokeVirtual(java.lang.Object, java.lang.Object, int)'> (0x0000000088067388) thrown at [./src/hotspot/share/interpreter/linkResolver.cpp, line 773]
Event: 35.780 Thread 0x00000241eceb0800 Exception <a 'java/lang/NoSuchMethodError'{0x00000000880323a0}: 'void java.lang.invoke.DirectMethodHandle$Holder.invokeVirtual(java.lang.Object, java.lang.Object, int)'> (0x00000000880323a0) thrown at [./src/hotspot/share/interpreter/linkResolver.cpp, line 773]
Event: 38.220 Thread 0x00000241ee736000 Exception <a 'java/lang/NoSuchMethodError'{0x0000000088067388}: <clinit>> (0x0000000088067388) thrown at [./src/hotspot/share/prims/jni.cpp, line 1362]
Event: 38.331 Thread 0x00000241ee73b000 Exception <a 'sun/nio/fs/WindowsException'{0x0000000089253798}> (0x0000000089253798) thrown at [./src/hotspot/share/prims/jni.cpp, line 615]
Event: 38.331 Thread 0x00000241ee73d800 Exception <a 'sun/nio/fs/WindowsException'{0x0000000089257668}> (0x0000000089257668) thrown at [./src/hotspot/share/prims/jni.cpp, line 615]
Event: 38.373 Thread 0x00000241ee73b000 Exception <a 'java/lang/NoSuchMethodError'{0x00000000893c70f8}: 'java.lang.Object java.lang.invoke.DirectMethodHandle$Holder.newInvokeSpecial(java.lang.Object, int)'> (0x00000000893c70f8) thrown at [./src/hotspot/share/interpreter/linkResolver.cpp, line 773]
Event: 38.476 Thread 0x00000241ee73b000 Exception <a 'sun/nio/fs/WindowsException'{0x00000000886e4478}> (0x00000000886e4478) thrown at [./src/hotspot/share/prims/jni.cpp, line 615]
Event: 38.771 Thread 0x00000241ee73d800 Exception <a 'sun/nio/fs/WindowsException'{0x0000000087b2a040}> (0x0000000087b2a040) thrown at [./src/hotspot/share/prims/jni.cpp, line 615]
Event: 39.311 Thread 0x00000241eceaf800 Exception <a 'sun/nio/fs/WindowsException'{0x00000000894d46f0}> (0x00000000894d46f0) thrown at [./src/hotspot/share/prims/jni.cpp, line 615]
Event: 39.370 Thread 0x00000241eceaf800 Implicit null exception at 0x00000241d806cf33 to 0x00000241d806f934
Event: 39.459 Thread 0x00000241eceaf800 Exception <a 'java/lang/NoSuchMethodError'{0x0000000088f782d0}: 'java.lang.Object java.lang.invoke.Invokers$Holder.linkToTargetMethod(java.lang.Object, java.lang.Object, java.lang.Object, java.lang.Object, int, java.lang.Object, java.lang.Object)'> (0x0000000088f782d0) thrown at [./src/hotspot/share/interpreter/linkResolver.cpp, line 773]
Event: 39.483 Thread 0x00000241eceaf800 Exception <a 'java/lang/NoSuchMethodError'{0x0000000088b68f58}: 'java.lang.Object java.lang.invoke.DirectMethodHandle$Holder.invokeStatic(java.lang.Object, java.lang.Object, java.lang.Object, java.lang.Object, java.lang.Object, java.lang.Object, java.lang.Object, int)'> (0x0000000088b68f58) thrown at [./src/hotspot/share/interpreter/linkResolver.cpp, line 773]
Event: 39.483 Thread 0x00000241eceaf800 Exception <a 'java/lang/NoSuchMethodError'{0x0000000088b6d5f0}: 'java.lang.Object java.lang.invoke.DirectMethodHandle$Holder.invokeSpecial(java.lang.Object, java.lang.Object, java.lang.Object, java.lang.Object, java.lang.Object, java.lang.Object, java.lang.Object, java.lang.Object, int)'> (0x0000000088b6d5f0) thrown at [./src/hotspot/share/interpreter/linkResolver.cpp, line 773]
Event: 39.483 Thread 0x00000241eceaf800 Exception <a 'java/lang/NoSuchMethodError'{0x0000000088b713a8}: 'java.lang.Object java.lang.invoke.Invokers$Holder.linkToTargetMethod(java.lang.Object, java.lang.Object, java.lang.Object, java.lang.Object, java.lang.Object, java.lang.Object, int, java.lang.Object)'> (0x0000000088b713a8) thrown at [./src/hotspot/share/interpreter/linkResolver.cpp, line 773]
Event: 40.142 Thread 0x00000241e9e04800 Exception <a 'java/lang/NoSuchMethodError'{0x000000008902aa38}: 'java.lang.Object java.lang.invoke.DirectMethodHandle$Holder.invokeSpecial(java.lang.Object, java.lang.Object, java.lang.Object, int, int, java.lang.Object, java.lang.Object)'> (0x000000008902aa38) thrown at [./src/hotspot/share/interpreter/linkResolver.cpp, line 773]
Event: 40.143 Thread 0x00000241e9e04800 Exception <a 'java/lang/NoSuchMethodError'{0x000000008903d0a0}: 'java.lang.Object java.lang.invoke.DirectMethodHandle$Holder.invokeStatic(java.lang.Object, java.lang.Object, java.lang.Object, int, int, java.lang.Object)'> (0x000000008903d0a0) thrown at [./src/hotspot/share/interpreter/linkResolver.cpp, line 773]
Event: 40.144 Thread 0x00000241e9e04800 Exception <a 'java/lang/NoSuchMethodError'{0x0000000089041de8}: 'java.lang.Object java.lang.invoke.DirectMethodHandle$Holder.invokeSpecial(java.lang.Object, java.lang.Object, java.lang.Object, java.lang.Object, int, int, java.lang.Object)'> (0x0000000089041de8) thrown at [./src/hotspot/share/interpreter/linkResolver.cpp, line 773]
Event: 40.144 Thread 0x00000241e9e04800 Exception <a 'java/lang/NoSuchMethodError'{0x0000000089045ec0}: 'java.lang.Object java.lang.invoke.Invokers$Holder.linkToTargetMethod(java.lang.Object, java.lang.Object, int, int, java.lang.Object, java.lang.Object)'> (0x0000000089045ec0) thrown at [./src/hotspot/share/interpreter/linkResolver.cpp, line 773]
Event: 106.165 Thread 0x00000241ee88c000 Implicit null exception at 0x00000241d83ec33f to 0x00000241d83eccc0
Event: 106.166 Thread 0x00000241ee88c000 Implicit null exception at 0x00000241d7fb0c4d to 0x00000241d7fb7368

Events (20 events):
Event: 106.152 Executing VM operation: RevokeBias
Event: 106.152 Executing VM operation: RevokeBias done
Event: 106.200 Executing VM operation: RevokeBias
Event: 106.200 Executing VM operation: RevokeBias done
Event: 106.210 Executing VM operation: RevokeBias
Event: 106.210 Executing VM operation: RevokeBias done
Event: 106.259 Thread 0x00000241ee88d000 Thread added: 0x00000241ee88d000
Event: 106.312 Thread 0x00000241ee88e800 Thread added: 0x00000241ee88e800
Event: 106.354 Thread 0x00000241ee88f800 Thread added: 0x00000241ee88f800
Event: 106.576 Executing VM operation: BulkRevokeBias
Event: 106.578 Executing VM operation: BulkRevokeBias done
Event: 106.578 Executing VM operation: RevokeBias
Event: 106.578 Executing VM operation: RevokeBias done
Event: 106.596 Executing VM operation: RevokeBias
Event: 106.596 Executing VM operation: RevokeBias done
Event: 106.638 Executing VM operation: RevokeBias
Event: 106.639 Executing VM operation: RevokeBias done
Event: 106.741 Thread 0x00000241ee889800 Thread added: 0x00000241ee889800
Event: 106.951 Executing VM operation: G1CollectForAllocation
Event: 107.042 Executing VM operation: G1CollectForAllocation done


Dynamic libraries:
0x00007ff7e72a0000 - 0x00007ff7e72aa000 	C:\Program Files\Android\Android Studio\jre\bin\java.exe
0x00007ffc28660000 - 0x00007ffc28869000 	C:\windows\SYSTEM32\ntdll.dll
0x00007ffc26930000 - 0x00007ffc269ed000 	C:\windows\System32\KERNEL32.DLL
0x00007ffc25c70000 - 0x00007ffc25fe9000 	C:\windows\System32\KERNELBASE.dll
0x00007ffc26150000 - 0x00007ffc26261000 	C:\windows\System32\ucrtbase.dll
0x00007ffc06b50000 - 0x00007ffc06b67000 	C:\Program Files\Android\Android Studio\jre\bin\VCRUNTIME140.dll
0x00007ffc06b30000 - 0x00007ffc06b49000 	C:\Program Files\Android\Android Studio\jre\bin\jli.dll
0x00007ffc271b0000 - 0x00007ffc2735c000 	C:\windows\System32\USER32.dll
0x00007ffc26270000 - 0x00007ffc26296000 	C:\windows\System32\win32u.dll
0x00007ffc0a840000 - 0x00007ffc0aae5000 	C:\windows\WinSxS\amd64_microsoft.windows.common-controls_6595b64144ccf1df_6.0.22000.120_none_9d947278b86cc467\COMCTL32.dll
0x00007ffc27970000 - 0x00007ffc27999000 	C:\windows\System32\GDI32.dll
0x00007ffc27b30000 - 0x00007ffc27bd3000 	C:\windows\System32\msvcrt.dll
0x00007ffc25b50000 - 0x00007ffc25c62000 	C:\windows\System32\gdi32full.dll
0x00007ffc260b0000 - 0x00007ffc2614d000 	C:\windows\System32\msvcp_win.dll
0x00007ffc28440000 - 0x00007ffc28471000 	C:\windows\System32\IMM32.DLL
0x00007ffbf4450000 - 0x00007ffbf44ed000 	C:\Program Files\Android\Android Studio\jre\bin\msvcp140.dll
0x00007ffbd8bf0000 - 0x00007ffbd96ac000 	C:\Program Files\Android\Android Studio\jre\bin\server\jvm.dll
0x00007ffc279a0000 - 0x00007ffc27a4e000 	C:\windows\System32\ADVAPI32.dll
0x00007ffc26620000 - 0x00007ffc266be000 	C:\windows\System32\sechost.dll
0x00007ffc26500000 - 0x00007ffc26620000 	C:\windows\System32\RPCRT4.dll
0x00007ffc26770000 - 0x00007ffc26778000 	C:\windows\System32\PSAPI.DLL
0x00007ffc1a4a0000 - 0x00007ffc1a4aa000 	C:\windows\SYSTEM32\VERSION.dll
0x00007ffc0d600000 - 0x00007ffc0d609000 	C:\windows\SYSTEM32\WSOCK32.dll
0x00007ffc1b520000 - 0x00007ffc1b553000 	C:\windows\SYSTEM32\WINMM.dll
0x00007ffc26e90000 - 0x00007ffc26eff000 	C:\windows\System32\WS2_32.dll
0x00007ffc24c20000 - 0x00007ffc24c38000 	C:\windows\SYSTEM32\kernel.appcore.dll
0x00007ffc1bde0000 - 0x00007ffc1bdf1000 	C:\Program Files\Android\Android Studio\jre\bin\verify.dll
0x00007ffc235b0000 - 0x00007ffc237d1000 	C:\windows\SYSTEM32\DBGHELP.DLL
0x00007ffc04030000 - 0x00007ffc04061000 	C:\windows\SYSTEM32\dbgcore.DLL
0x00007ffc262a0000 - 0x00007ffc2631f000 	C:\windows\System32\bcryptPrimitives.dll
0x00007ffc0cd80000 - 0x00007ffc0cda9000 	C:\Program Files\Android\Android Studio\jre\bin\java.dll
0x00007ffc1f230000 - 0x00007ffc1f23b000 	C:\Program Files\Android\Android Studio\jre\bin\jimage.dll
0x00007ffc0e320000 - 0x00007ffc0e338000 	C:\Program Files\Android\Android Studio\jre\bin\zip.dll
0x00007ffc27be0000 - 0x00007ffc2838f000 	C:\windows\System32\SHELL32.dll
0x00007ffc23c80000 - 0x00007ffc244e8000 	C:\windows\SYSTEM32\windows.storage.dll
0x00007ffc27360000 - 0x00007ffc276d8000 	C:\windows\System32\combase.dll
0x00007ffc23b10000 - 0x00007ffc23c76000 	C:\windows\SYSTEM32\wintypes.dll
0x00007ffc27760000 - 0x00007ffc2784a000 	C:\windows\System32\SHCORE.dll
0x00007ffc26f90000 - 0x00007ffc26fed000 	C:\windows\System32\shlwapi.dll
0x00007ffc25a80000 - 0x00007ffc25aa1000 	C:\windows\SYSTEM32\profapi.dll
0x00007ffc0d180000 - 0x00007ffc0d19a000 	C:\Program Files\Android\Android Studio\jre\bin\net.dll
0x00007ffc1e100000 - 0x00007ffc1e20c000 	C:\windows\SYSTEM32\WINHTTP.dll
0x00007ffc25080000 - 0x00007ffc250e7000 	C:\windows\system32\mswsock.dll
0x00007ffc08fb0000 - 0x00007ffc08fc4000 	C:\Program Files\Android\Android Studio\jre\bin\nio.dll
0x00007ffc0b750000 - 0x00007ffc0b777000 	C:\Users\HP\.gradle\native\fdc75f09e3144964f2cf3f50f0aa648679c211496f362492102eb8c894070792\windows-amd64\native-platform.dll
0x00007ffbe00d0000 - 0x00007ffbe0266000 	C:\Users\HP\.gradle\native\12488b8bf47d2d4c9fbf2f6322a914ad602e24e48041cd04a747c6da556b65c4\windows-amd64\native-platform-file-events.dll
0x00007ffc1be40000 - 0x00007ffc1be4a000 	C:\Program Files\Android\Android Studio\jre\bin\management.dll
0x00007ffc18780000 - 0x00007ffc1878c000 	C:\Program Files\Android\Android Studio\jre\bin\management_ext.dll
0x00007ffc252c0000 - 0x00007ffc252d8000 	C:\windows\SYSTEM32\CRYPTSP.dll
0x00007ffc24b80000 - 0x00007ffc24bb5000 	C:\windows\system32\rsaenh.dll
0x00007ffc25170000 - 0x00007ffc25199000 	C:\windows\SYSTEM32\USERENV.dll
0x00007ffc254b0000 - 0x00007ffc254d7000 	C:\windows\SYSTEM32\bcrypt.dll
0x00007ffc252e0000 - 0x00007ffc252ec000 	C:\windows\SYSTEM32\CRYPTBASE.dll
0x00007ffc24730000 - 0x00007ffc2475d000 	C:\windows\SYSTEM32\IPHLPAPI.DLL
0x00007ffc276e0000 - 0x00007ffc276e9000 	C:\windows\System32\NSI.dll
0x00007ffc1b820000 - 0x00007ffc1b839000 	C:\windows\SYSTEM32\dhcpcsvc6.DLL
0x00007ffc1c1b0000 - 0x00007ffc1c1ce000 	C:\windows\SYSTEM32\dhcpcsvc.DLL
0x00007ffc24760000 - 0x00007ffc24848000 	C:\windows\SYSTEM32\DNSAPI.dll
0x00007ffc1e480000 - 0x00007ffc1e48c000 	C:\windows\SYSTEM32\WINNSI.DLL
0x00007ffbfc6f0000 - 0x00007ffbfc717000 	C:\Program Files\Android\Android Studio\jre\bin\sunec.dll

dbghelp: loaded successfully - version: 4.0.5 - missing functions: none
symbol engine: initialized successfully - sym options: 0x614 - pdb path: .;C:\Program Files\Android\Android Studio\jre\bin;C:\windows\SYSTEM32;C:\windows\WinSxS\amd64_microsoft.windows.common-controls_6595b64144ccf1df_6.0.22000.120_none_9d947278b86cc467;C:\Program Files\Android\Android Studio\jre\bin\server;C:\Users\HP\.gradle\native\fdc75f09e3144964f2cf3f50f0aa648679c211496f362492102eb8c894070792\windows-amd64;C:\Users\HP\.gradle\native\12488b8bf47d2d4c9fbf2f6322a914ad602e24e48041cd04a747c6da556b65c4\windows-amd64

VM Arguments:
jvm_args: --add-opens=java.base/java.util=ALL-UNNAMED --add-opens=java.base/java.lang=ALL-UNNAMED --add-opens=java.base/java.lang.invoke=ALL-UNNAMED --add-opens=java.prefs/java.util.prefs=ALL-UNNAMED -Xmx2048m -Dfile.encoding=UTF-8 -Duser.country=US -Duser.language=en -Duser.variant 
java_command: org.gradle.launcher.daemon.bootstrap.GradleDaemon 6.7.1
java_class_path (initial): C:\Users\HP\.gradle\wrapper\dists\gradle-6.7.1-bin\bwlcbys1h7rz3272sye1xwiv6\gradle-6.7.1\lib\gradle-launcher-6.7.1.jar
Launcher Type: SUN_STANDARD

[Global flags]
     intx CICompilerCount                          = 4                                         {product} {ergonomic}
     uint ConcGCThreads                            = 3                                         {product} {ergonomic}
     uint G1ConcRefinementThreads                  = 10                                        {product} {ergonomic}
   size_t G1HeapRegionSize                         = 1048576                                   {product} {ergonomic}
    uintx GCDrainStackTargetSize                   = 64                                        {product} {ergonomic}
   size_t InitialHeapSize                          = 130023424                                 {product} {ergonomic}
   size_t MarkStackSize                            = 4194304                                   {product} {ergonomic}
   size_t MaxHeapSize                              = 2147483648                                {product} {command line}
   size_t MaxNewSize                               = 1287651328                                {product} {ergonomic}
   size_t MinHeapDeltaBytes                        = 1048576                                   {product} {ergonomic}
    uintx NonNMethodCodeHeapSize                   = 5836300                                {pd product} {ergonomic}
    uintx NonProfiledCodeHeapSize                  = 122910970                              {pd product} {ergonomic}
    uintx ProfiledCodeHeapSize                     = 122910970                              {pd product} {ergonomic}
    uintx ReservedCodeCacheSize                    = 251658240                              {pd product} {ergonomic}
     bool SegmentedCodeCache                       = true                                      {product} {ergonomic}
     bool UseCompressedClassPointers               = true                                 {lp64_product} {ergonomic}
     bool UseCompressedOops                        = true                                 {lp64_product} {ergonomic}
     bool UseG1GC                                  = true                                      {product} {ergonomic}
     bool UseLargePagesIndividualAllocation        = false                                  {pd product} {ergonomic}

Logging:
Log output configuration:
 #0: stdout all=warning uptime,level,tags
 #1: stderr all=off uptime,level,tags

Environment Variables:
JAVA_HOME=C:\Users\HP\Downloads\jdk-18_windows-x64_bin\jdk-18.0.1.1
PATH=C:\Program Files\Common Files\Oracle\Java\javapath;C:\windows\system32;C:\windows;C:\windows\System32\Wbem;C:\windows\System32\WindowsPowerShell\v1.0\;C:\windows\System32\OpenSSH\;C:\Users\HP\Downloads\jdk-18_windows-x64_bin;C:\Users\HP\AppData\Local\Microsoft\WindowsApps;
USERNAME=HP
OS=Windows_NT
PROCESSOR_IDENTIFIER=Intel64 Family 6 Model 154 Stepping 4, GenuineIntel



---------------  S Y S T E M  ---------------

OS: Windows 10 , 64 bit Build 22000 (10.0.22000.675)
OS uptime: 9 days 23:42 hours
HyperV virtualization detected

CPU:total 12 (initial active 12) (6 cores per cpu, 2 threads per core) family 6 model 154 stepping 4, cmov, cx8, fxsr, mmx, sse, sse2, sse3, ssse3, sse4.1, sse4.2, popcnt, avx, avx2, aes, clmul, erms, 3dnowpref, lzcnt, ht, tsc, tscinvbit, bmi1, bmi2, adx, sha, fma

Memory: 4k page, system-wide physical 7865M (294M free)
TotalPageFile size 31303M (AvailPageFile size 3M)
current process WorkingSet (physical memory assigned to process): 165M, peak: 421M
current process commit charge ("private bytes"): 470M, peak: 490M

vm_info: OpenJDK 64-Bit Server VM (11.0.8+10-b944.6842174) for windows-amd64 JRE (11.0.8+10-b944.6842174), built on Sep 19 2020 01:11:42 by "builder" with MS VC++ 14.0 (VS2015)

END.
