#
# There is insufficient memory for the Java Runtime Environment to continue.
# Native memory allocation (malloc) failed to allocate 1056656 bytes for Chunk::new
# Possible reasons:
#   The system is out of physical RAM or swap space
#   The process is running with CompressedOops enabled, and the Java Heap may be blocking the growth of the native heap
# Possible solutions:
#   Reduce memory load on the system
#   Increase physical memory or swap space
#   Check if swap backing store is full
#   Decrease Java heap size (-Xmx/-Xms)
#   Decrease number of Java threads
#   Decrease Java thread stack sizes (-Xss)
#   Set larger code cache with -XX:ReservedCodeCacheSize=
#   JVM is running with Unscaled Compressed Oops mode in which the Java heap is
#     placed in the first 4GB address space. The Java Heap base address is the
#     maximum limit for the native heap growth. Please use -XX:HeapBaseMinAddress
#     to set the Java Heap base and to place the Java Heap above 4GB virtual address.
# This output file may be truncated or incomplete.
#
#  Out of Memory Error (./src/hotspot/share/memory/arena.cpp:197), pid=36308, tid=8972
#
# JRE version: OpenJDK Runtime Environment (11.0.8+10) (build 11.0.8+10-b944.6842174)
# Java VM: OpenJDK 64-Bit Server VM (11.0.8+10-b944.6842174, mixed mode, tiered, compressed oops, g1 gc, windows-amd64)
# No core dump will be written. Minidumps are not enabled by default on client versions of Windows
#

---------------  S U M M A R Y ------------

Command Line: --add-opens=java.base/java.util=ALL-UNNAMED --add-opens=java.base/java.lang=ALL-UNNAMED --add-opens=java.base/java.lang.invoke=ALL-UNNAMED --add-opens=java.prefs/java.util.prefs=ALL-UNNAMED -Xmx2048m -Dfile.encoding=UTF-8 -Duser.country=US -Duser.language=en -Duser.variant org.gradle.launcher.daemon.bootstrap.GradleDaemon 6.7.1

Host: 12th Gen Intel(R) Core(TM) i5-1235U, 12 cores, 7G,  Windows 10 , 64 bit Build 22000 (10.0.22000.675)
Time: Fri May 27 16:16:28 2022 India Standard Time elapsed time: 40 seconds (0d 0h 0m 40s)

---------------  T H R E A D  ---------------

Current thread (0x0000026620118800):  JavaThread "C2 CompilerThread0" daemon [_thread_in_native, id=8972, stack(0x000000df90b00000,0x000000df90c00000)]


Current CompileTask:
C2:  40029 11035       4       java.util.regex.Pattern::compile (498 bytes)

Stack: [0x000000df90b00000,0x000000df90c00000]
Native frames: (J=compiled Java code, j=interpreted, Vv=VM code, C=native code)
V  [jvm.dll+0x5de50a]
V  [jvm.dll+0x7122f5]
V  [jvm.dll+0x71384d]
V  [jvm.dll+0x713f03]
V  [jvm.dll+0x23e728]
V  [jvm.dll+0xb899c]
V  [jvm.dll+0xb8e9c]
V  [jvm.dll+0x35020b]
V  [jvm.dll+0x31dea3]
V  [jvm.dll+0x31d39a]
V  [jvm.dll+0x1f7702]
V  [jvm.dll+0x1f68d4]
V  [jvm.dll+0x17f32c]
V  [jvm.dll+0x205047]
V  [jvm.dll+0x203891]
V  [jvm.dll+0x6dad3f]
V  [jvm.dll+0x6d3895]
V  [jvm.dll+0x5dd4a6]
C  [ucrtbase.dll+0x26c0c]
C  [KERNEL32.DLL+0x154e0]
C  [ntdll.dll+0x485b]


---------------  P R O C E S S  ---------------

Threads class SMR info:
_java_thread_list=0x0000026624535b20, length=140, elements={
0x000002660505c000, 0x000002661f79a800, 0x000002661f7a7000, 0x0000026620116800,
0x0000026620117800, 0x0000026620118800, 0x000002661f7b8000, 0x000002661f7b9000,
0x000002662027b000, 0x0000026620296000, 0x0000026620f3f800, 0x00000266221da800,
0x00000266216a2000, 0x0000026621a85800, 0x0000026622126800, 0x0000026622245000,
0x0000026622249000, 0x0000026622246800, 0x000002662224b800, 0x0000026622248000,
0x0000026622249800, 0x000002662224a800, 0x0000026622245800, 0x00000266224ed800,
0x00000266224ee800, 0x00000266224f0000, 0x00000266224eb000, 0x00000266224ec000,
0x00000266224ea000, 0x00000266224f0800, 0x00000266224f1800, 0x00000266224ef000,
0x00000266224f2800, 0x00000266224ec800, 0x00000266224f9000, 0x00000266224f3000,
0x00000266224f6800, 0x00000266224f7000, 0x00000266224f8000, 0x00000266245f5000,
0x00000266245f5800, 0x00000266245ff800, 0x0000026624600800, 0x0000026624602000,
0x000002662048f000, 0x000002662048a800, 0x000002662048b000, 0x000002662048e800,
0x000002662048c800, 0x0000026620489800, 0x000002662048d800, 0x0000026620490000,
0x0000026620491000, 0x0000026620491800, 0x000002662048c000, 0x0000026620492800,
0x0000026620496800, 0x0000026620495800, 0x0000026620498000, 0x0000026620493000,
0x0000026620497800, 0x0000026620495000, 0x0000026620494000, 0x0000026621ef3800,
0x0000026621ef2000, 0x0000026621ef4800, 0x0000026621eef800, 0x0000026621ef1000,
0x0000026621ef5800, 0x0000026621ef3000, 0x0000026621ef6000, 0x0000026621ef0800,
0x0000026621ef8800, 0x0000026621ef8000, 0x0000026621efb000, 0x0000026621efc000,
0x0000026621efc800, 0x0000026621ef7000, 0x0000026621ef9800, 0x0000026621efd800,
0x0000026621efe800, 0x0000026621efa000, 0x0000026621e58800, 0x0000026621e55800,
0x0000026621e57000, 0x0000026621e58000, 0x0000026621e54800, 0x0000026621e5c000,
0x0000026621e59800, 0x0000026621e56000, 0x0000026621e5b000, 0x0000026621e5d800,
0x0000026621e5d000, 0x0000026621e5e800, 0x0000026621e5a800, 0x0000026621e5f000,
0x0000026621e60000, 0x0000026621e63800, 0x0000026621e61000, 0x0000026621e62800,
0x0000026621e61800, 0x0000026621f0b000, 0x0000026621f05800, 0x0000026621f09800,
0x0000026621f08000, 0x0000026621f0c000, 0x0000026621f06000, 0x0000026621f0c800,
0x0000026621f07000, 0x0000026621f0a800, 0x0000026621f0d800, 0x0000026621f0e800,
0x0000026621f08800, 0x0000026621f12800, 0x0000026621f13800, 0x0000026621f0f000,
0x0000026621f11000, 0x0000026621f10000, 0x0000026621f14000, 0x00000266245f6800,
0x00000266245f8000, 0x00000266245f9000, 0x00000266245f3800, 0x00000266245fa000,
0x00000266245f4000, 0x00000266245fb800, 0x00000266245fa800, 0x00000266245fc800,
0x0000026624601000, 0x00000266245fd000, 0x00000266245fe000, 0x00000266245fe800,
0x00000266224f5000, 0x00000266224f4000, 0x00000266224f5800, 0x0000026622247000,
0x0000026624e81800, 0x0000026624e7f800, 0x0000026624e80800, 0x0000026624e84000
}

Java Threads: ( => current thread )
  0x000002660505c000 JavaThread "main" [_thread_blocked, id=12836, stack(0x000000df90000000,0x000000df90100000)]
  0x000002661f79a800 JavaThread "Reference Handler" daemon [_thread_blocked, id=34940, stack(0x000000df90700000,0x000000df90800000)]
  0x000002661f7a7000 JavaThread "Finalizer" daemon [_thread_blocked, id=32192, stack(0x000000df90800000,0x000000df90900000)]
  0x0000026620116800 JavaThread "Signal Dispatcher" daemon [_thread_blocked, id=27988, stack(0x000000df90900000,0x000000df90a00000)]
  0x0000026620117800 JavaThread "Attach Listener" daemon [_thread_blocked, id=36248, stack(0x000000df90a00000,0x000000df90b00000)]
=>0x0000026620118800 JavaThread "C2 CompilerThread0" daemon [_thread_in_native, id=8972, stack(0x000000df90b00000,0x000000df90c00000)]
  0x000002661f7b8000 JavaThread "C1 CompilerThread0" daemon [_thread_in_vm, id=8980, stack(0x000000df90c00000,0x000000df90d00000)]
  0x000002661f7b9000 JavaThread "Sweeper thread" daemon [_thread_blocked, id=36048, stack(0x000000df90d00000,0x000000df90e00000)]
  0x000002662027b000 JavaThread "Common-Cleaner" daemon [_thread_blocked, id=35956, stack(0x000000df90e00000,0x000000df90f00000)]
  0x0000026620296000 JavaThread "Service Thread" daemon [_thread_blocked, id=36244, stack(0x000000df90f00000,0x000000df91000000)]
  0x0000026620f3f800 JavaThread "Daemon health stats" [_thread_blocked, id=36104, stack(0x000000df91200000,0x000000df91300000)]
  0x00000266221da800 JavaThread "Incoming local TCP Connector on port 65128" [_thread_in_native, id=26792, stack(0x000000df91500000,0x000000df91600000)]
  0x00000266216a2000 JavaThread "Daemon periodic checks" [_thread_blocked, id=36072, stack(0x000000df91600000,0x000000df91700000)]
  0x0000026621a85800 JavaThread "Daemon" [_thread_blocked, id=36080, stack(0x000000df91700000,0x000000df91800000)]
  0x0000026622126800 JavaThread "Daemon worker" [_thread_in_vm, id=1052, stack(0x000000df91a00000,0x000000df91b00000)]
  0x0000026622245000 JavaThread "Cache worker for file hash cache (C:\Users\HP\.gradle\caches\6.7.1\fileHashes)" [_thread_blocked, id=35004, stack(0x000000df92600000,0x000000df92700000)]
  0x0000026622249000 JavaThread "File lock request listener" [_thread_in_native, id=25792, stack(0x000000df92700000,0x000000df92800000)]
  0x0000026622246800 JavaThread "Cache worker for journal cache (C:\Users\HP\.gradle\caches\journal-1)" [_thread_blocked, id=16344, stack(0x000000df92a00000,0x000000df92b00000)]
  0x000002662224b800 JavaThread "jar transforms" [_thread_blocked, id=10856, stack(0x000000df92c00000,0x000000df92d00000)]
  0x0000026622248000 JavaThread "jar transforms Thread 2" [_thread_blocked, id=27732, stack(0x000000df92d00000,0x000000df92e00000)]
  0x0000026622249800 JavaThread "jar transforms Thread 3" [_thread_blocked, id=33776, stack(0x000000df92e00000,0x000000df92f00000)]
  0x000002662224a800 JavaThread "jar transforms Thread 4" [_thread_blocked, id=15736, stack(0x000000df92f00000,0x000000df93000000)]
  0x0000026622245800 JavaThread "jar transforms Thread 5" [_thread_blocked, id=23404, stack(0x000000df93000000,0x000000df93100000)]
  0x00000266224ed800 JavaThread "jar transforms Thread 6" [_thread_blocked, id=2320, stack(0x000000df93100000,0x000000df93200000)]
  0x00000266224ee800 JavaThread "jar transforms Thread 7" [_thread_blocked, id=4740, stack(0x000000df93200000,0x000000df93300000)]
  0x00000266224f0000 JavaThread "jar transforms Thread 8" [_thread_blocked, id=21660, stack(0x000000df93300000,0x000000df93400000)]
  0x00000266224eb000 JavaThread "jar transforms Thread 9" [_thread_blocked, id=33452, stack(0x000000df93400000,0x000000df93500000)]
  0x00000266224ec000 JavaThread "jar transforms Thread 10" [_thread_blocked, id=33556, stack(0x000000df93500000,0x000000df93600000)]
  0x00000266224ea000 JavaThread "jar transforms Thread 11" [_thread_blocked, id=27680, stack(0x000000df93600000,0x000000df93700000)]
  0x00000266224f0800 JavaThread "jar transforms Thread 12" [_thread_blocked, id=16064, stack(0x000000df93700000,0x000000df93800000)]
  0x00000266224f1800 JavaThread "jar transforms Thread 13" [_thread_blocked, id=29452, stack(0x000000df93800000,0x000000df93900000)]
  0x00000266224ef000 JavaThread "jar transforms Thread 14" [_thread_blocked, id=30872, stack(0x000000df93900000,0x000000df93a00000)]
  0x00000266224f2800 JavaThread "jar transforms Thread 15" [_thread_blocked, id=26876, stack(0x000000df93a00000,0x000000df93b00000)]
  0x00000266224ec800 JavaThread "jar transforms Thread 16" [_thread_blocked, id=22296, stack(0x000000df93b00000,0x000000df93c00000)]
  0x00000266224f9000 JavaThread "jar transforms Thread 17" [_thread_blocked, id=11512, stack(0x000000df93c00000,0x000000df93d00000)]
  0x00000266224f3000 JavaThread "jar transforms Thread 18" [_thread_blocked, id=14652, stack(0x000000df93d00000,0x000000df93e00000)]
  0x00000266224f6800 JavaThread "jar transforms Thread 19" [_thread_blocked, id=1272, stack(0x000000df93e00000,0x000000df93f00000)]
  0x00000266224f7000 JavaThread "jar transforms Thread 20" [_thread_blocked, id=34280, stack(0x000000df93f00000,0x000000df94000000)]
  0x00000266224f8000 JavaThread "jar transforms Thread 21" [_thread_blocked, id=19312, stack(0x000000df94000000,0x000000df94100000)]
  0x00000266245f5000 JavaThread "Cache worker for execution history cache (C:\Users\HP\.gradle\caches\6.7.1\executionHistory)" [_thread_blocked, id=4912, stack(0x000000df94400000,0x000000df94500000)]
  0x00000266245f5800 JavaThread "Cache worker for file content cache (C:\Users\HP\.gradle\caches\6.7.1\fileContent)" [_thread_blocked, id=19972, stack(0x000000df94500000,0x000000df94600000)]
  0x00000266245ff800 JavaThread "jar transforms Thread 22" [_thread_blocked, id=8356, stack(0x000000df95300000,0x000000df95400000)]
  0x0000026624600800 JavaThread "jar transforms Thread 23" [_thread_blocked, id=33080, stack(0x000000df95400000,0x000000df95500000)]
  0x0000026624602000 JavaThread "jar transforms Thread 24" [_thread_blocked, id=25448, stack(0x000000df95500000,0x000000df95600000)]
  0x000002662048f000 JavaThread "jar transforms Thread 25" [_thread_blocked, id=33240, stack(0x000000df95600000,0x000000df95700000)]
  0x000002662048a800 JavaThread "jar transforms Thread 26" [_thread_blocked, id=8504, stack(0x000000df95700000,0x000000df95800000)]
  0x000002662048b000 JavaThread "jar transforms Thread 27" [_thread_blocked, id=26312, stack(0x000000df95800000,0x000000df95900000)]
  0x000002662048e800 JavaThread "jar transforms Thread 28" [_thread_blocked, id=17788, stack(0x000000df95900000,0x000000df95a00000)]
  0x000002662048c800 JavaThread "jar transforms Thread 29" [_thread_blocked, id=31792, stack(0x000000df95a00000,0x000000df95b00000)]
  0x0000026620489800 JavaThread "jar transforms Thread 30" [_thread_blocked, id=32264, stack(0x000000df95b00000,0x000000df95c00000)]
  0x000002662048d800 JavaThread "jar transforms Thread 31" [_thread_blocked, id=32236, stack(0x000000df95c00000,0x000000df95d00000)]
  0x0000026620490000 JavaThread "jar transforms Thread 32" [_thread_blocked, id=11576, stack(0x000000df95d00000,0x000000df95e00000)]
  0x0000026620491000 JavaThread "jar transforms Thread 33" [_thread_blocked, id=25820, stack(0x000000df95e00000,0x000000df95f00000)]
  0x0000026620491800 JavaThread "jar transforms Thread 34" [_thread_blocked, id=36192, stack(0x000000df95f00000,0x000000df96000000)]
  0x000002662048c000 JavaThread "jar transforms Thread 35" [_thread_blocked, id=30112, stack(0x000000df96000000,0x000000df96100000)]
  0x0000026620492800 JavaThread "jar transforms Thread 36" [_thread_blocked, id=8572, stack(0x000000df96100000,0x000000df96200000)]
  0x0000026620496800 JavaThread "jar transforms Thread 37" [_thread_blocked, id=22756, stack(0x000000df96200000,0x000000df96300000)]
  0x0000026620495800 JavaThread "jar transforms Thread 38" [_thread_blocked, id=8608, stack(0x000000df96300000,0x000000df96400000)]
  0x0000026620498000 JavaThread "jar transforms Thread 39" [_thread_blocked, id=8616, stack(0x000000df96400000,0x000000df96500000)]
  0x0000026620493000 JavaThread "jar transforms Thread 40" [_thread_blocked, id=33972, stack(0x000000df96500000,0x000000df96600000)]
  0x0000026620497800 JavaThread "jar transforms Thread 41" [_thread_blocked, id=35400, stack(0x000000df96600000,0x000000df96700000)]
  0x0000026620495000 JavaThread "jar transforms Thread 42" [_thread_blocked, id=33720, stack(0x000000df96700000,0x000000df96800000)]
  0x0000026620494000 JavaThread "jar transforms Thread 43" [_thread_blocked, id=19592, stack(0x000000df96800000,0x000000df96900000)]
  0x0000026621ef3800 JavaThread "jar transforms Thread 44" [_thread_blocked, id=8636, stack(0x000000df96900000,0x000000df96a00000)]
  0x0000026621ef2000 JavaThread "jar transforms Thread 45" [_thread_blocked, id=8612, stack(0x000000df96a00000,0x000000df96b00000)]
  0x0000026621ef4800 JavaThread "jar transforms Thread 46" [_thread_blocked, id=33584, stack(0x000000df96b00000,0x000000df96c00000)]
  0x0000026621eef800 JavaThread "jar transforms Thread 47" [_thread_blocked, id=24484, stack(0x000000df96c00000,0x000000df96d00000)]
  0x0000026621ef1000 JavaThread "jar transforms Thread 48" [_thread_blocked, id=34392, stack(0x000000df96d00000,0x000000df96e00000)]
  0x0000026621ef5800 JavaThread "jar transforms Thread 49" [_thread_blocked, id=6272, stack(0x000000df96e00000,0x000000df96f00000)]
  0x0000026621ef3000 JavaThread "jar transforms Thread 50" [_thread_blocked, id=21944, stack(0x000000df96f00000,0x000000df97000000)]
  0x0000026621ef6000 JavaThread "jar transforms Thread 51" [_thread_blocked, id=8152, stack(0x000000df97000000,0x000000df97100000)]
  0x0000026621ef0800 JavaThread "jar transforms Thread 52" [_thread_blocked, id=32204, stack(0x000000df97100000,0x000000df97200000)]
  0x0000026621ef8800 JavaThread "jar transforms Thread 53" [_thread_blocked, id=36012, stack(0x000000df97200000,0x000000df97300000)]
  0x0000026621ef8000 JavaThread "jar transforms Thread 54" [_thread_blocked, id=25880, stack(0x000000df97300000,0x000000df97400000)]
  0x0000026621efb000 JavaThread "jar transforms Thread 55" [_thread_blocked, id=23732, stack(0x000000df97400000,0x000000df97500000)]
  0x0000026621efc000 JavaThread "jar transforms Thread 56" [_thread_blocked, id=8600, stack(0x000000df97500000,0x000000df97600000)]
  0x0000026621efc800 JavaThread "jar transforms Thread 57" [_thread_blocked, id=7888, stack(0x000000df97600000,0x000000df97700000)]
  0x0000026621ef7000 JavaThread "jar transforms Thread 58" [_thread_blocked, id=7976, stack(0x000000df97700000,0x000000df97800000)]
  0x0000026621ef9800 JavaThread "jar transforms Thread 59" [_thread_blocked, id=6692, stack(0x000000df97800000,0x000000df97900000)]
  0x0000026621efd800 JavaThread "jar transforms Thread 60" [_thread_blocked, id=8036, stack(0x000000df97900000,0x000000df97a00000)]
  0x0000026621efe800 JavaThread "jar transforms Thread 61" [_thread_blocked, id=8020, stack(0x000000df97a00000,0x000000df97b00000)]
  0x0000026621efa000 JavaThread "jar transforms Thread 62" [_thread_blocked, id=8124, stack(0x000000df97b00000,0x000000df97c00000)]
  0x0000026621e58800 JavaThread "jar transforms Thread 63" [_thread_blocked, id=33988, stack(0x000000df97c00000,0x000000df97d00000)]
  0x0000026621e55800 JavaThread "jar transforms Thread 64" [_thread_blocked, id=10584, stack(0x000000df97d00000,0x000000df97e00000)]
  0x0000026621e57000 JavaThread "jar transforms Thread 65" [_thread_blocked, id=15060, stack(0x000000df97e00000,0x000000df97f00000)]
  0x0000026621e58000 JavaThread "jar transforms Thread 66" [_thread_blocked, id=34156, stack(0x000000df97f00000,0x000000df98000000)]
  0x0000026621e54800 JavaThread "jar transforms Thread 67" [_thread_blocked, id=3056, stack(0x000000df98000000,0x000000df98100000)]
  0x0000026621e5c000 JavaThread "jar transforms Thread 68" [_thread_blocked, id=7900, stack(0x000000df98100000,0x000000df98200000)]
  0x0000026621e59800 JavaThread "jar transforms Thread 69" [_thread_blocked, id=32560, stack(0x000000df98200000,0x000000df98300000)]
  0x0000026621e56000 JavaThread "jar transforms Thread 70" [_thread_blocked, id=8988, stack(0x000000df98300000,0x000000df98400000)]
  0x0000026621e5b000 JavaThread "jar transforms Thread 71" [_thread_blocked, id=26036, stack(0x000000df98400000,0x000000df98500000)]
  0x0000026621e5d800 JavaThread "jar transforms Thread 72" [_thread_blocked, id=31208, stack(0x000000df98500000,0x000000df98600000)]
  0x0000026621e5d000 JavaThread "jar transforms Thread 73" [_thread_blocked, id=34188, stack(0x000000df98600000,0x000000df98700000)]
  0x0000026621e5e800 JavaThread "jar transforms Thread 74" [_thread_blocked, id=35224, stack(0x000000df98700000,0x000000df98800000)]
  0x0000026621e5a800 JavaThread "jar transforms Thread 75" [_thread_blocked, id=33960, stack(0x000000df98800000,0x000000df98900000)]
  0x0000026621e5f000 JavaThread "jar transforms Thread 76" [_thread_blocked, id=20948, stack(0x000000df98900000,0x000000df98a00000)]
  0x0000026621e60000 JavaThread "jar transforms Thread 77" [_thread_blocked, id=30032, stack(0x000000df98a00000,0x000000df98b00000)]
  0x0000026621e63800 JavaThread "jar transforms Thread 78" [_thread_blocked, id=8552, stack(0x000000df98b00000,0x000000df98c00000)]
  0x0000026621e61000 JavaThread "jar transforms Thread 79" [_thread_blocked, id=33224, stack(0x000000df98c00000,0x000000df98d00000)]
  0x0000026621e62800 JavaThread "jar transforms Thread 80" [_thread_blocked, id=14508, stack(0x000000df98d00000,0x000000df98e00000)]
  0x0000026621e61800 JavaThread "jar transforms Thread 81" [_thread_blocked, id=35172, stack(0x000000df98e00000,0x000000df98f00000)]
  0x0000026621f0b000 JavaThread "jar transforms Thread 82" [_thread_blocked, id=35124, stack(0x000000df98f00000,0x000000df99000000)]
  0x0000026621f05800 JavaThread "jar transforms Thread 83" [_thread_blocked, id=32260, stack(0x000000df99000000,0x000000df99100000)]
  0x0000026621f09800 JavaThread "jar transforms Thread 84" [_thread_blocked, id=33944, stack(0x000000df99100000,0x000000df99200000)]
  0x0000026621f08000 JavaThread "jar transforms Thread 85" [_thread_blocked, id=35008, stack(0x000000df99200000,0x000000df99300000)]
  0x0000026621f0c000 JavaThread "jar transforms Thread 86" [_thread_blocked, id=11944, stack(0x000000df99300000,0x000000df99400000)]
  0x0000026621f06000 JavaThread "jar transforms Thread 87" [_thread_blocked, id=30520, stack(0x000000df99400000,0x000000df99500000)]
  0x0000026621f0c800 JavaThread "jar transforms Thread 88" [_thread_blocked, id=32232, stack(0x000000df99500000,0x000000df99600000)]
  0x0000026621f07000 JavaThread "jar transforms Thread 89" [_thread_blocked, id=34804, stack(0x000000df99600000,0x000000df99700000)]
  0x0000026621f0a800 JavaThread "jar transforms Thread 90" [_thread_blocked, id=8820, stack(0x000000df99700000,0x000000df99800000)]
  0x0000026621f0d800 JavaThread "jar transforms Thread 91" [_thread_blocked, id=34944, stack(0x000000df99800000,0x000000df99900000)]
  0x0000026621f0e800 JavaThread "jar transforms Thread 92" [_thread_blocked, id=35528, stack(0x000000df99900000,0x000000df99a00000)]
  0x0000026621f08800 JavaThread "jar transforms Thread 93" [_thread_blocked, id=19220, stack(0x000000df99a00000,0x000000df99b00000)]
  0x0000026621f12800 JavaThread "jar transforms Thread 94" [_thread_blocked, id=34752, stack(0x000000df99b00000,0x000000df99c00000)]
  0x0000026621f13800 JavaThread "jar transforms Thread 95" [_thread_blocked, id=35368, stack(0x000000df99c00000,0x000000df99d00000)]
  0x0000026621f0f000 JavaThread "jar transforms Thread 96" [_thread_blocked, id=35184, stack(0x000000df99d00000,0x000000df99e00000)]
  0x0000026621f11000 JavaThread "jar transforms Thread 97" [_thread_blocked, id=8044, stack(0x000000df99e00000,0x000000df99f00000)]
  0x0000026621f10000 JavaThread "Memory manager" [_thread_blocked, id=34796, stack(0x000000df99f00000,0x000000df9a000000)]
  0x0000026621f14000 JavaThread "Handler for socket connection from /127.0.0.1:65128 to /127.0.0.1:65142" [_thread_in_native, id=33160, stack(0x000000df91800000,0x000000df91900000)]
  0x00000266245f6800 JavaThread "Cancel handler" [_thread_blocked, id=33672, stack(0x000000df91900000,0x000000df91a00000)]
  0x00000266245f8000 JavaThread "Asynchronous log dispatcher for DefaultDaemonConnection: socket connection from /127.0.0.1:65128 to /127.0.0.1:65142" [_thread_blocked, id=15836, stack(0x000000df91b00000,0x000000df91c00000)]
  0x00000266245f9000 JavaThread "Stdin handler" [_thread_blocked, id=25768, stack(0x000000df91c00000,0x000000df91d00000)]
  0x00000266245f3800 JavaThread "Thread-144" [_thread_blocked, id=33788, stack(0x000000df91d00000,0x000000df91e00000)]
  0x00000266245fa000 JavaThread "Cache worker for file hash cache (D:\TaskActivity\.gradle\6.7.1\fileHashes)" [_thread_blocked, id=23584, stack(0x000000df92b00000,0x000000df92c00000)]
  0x00000266245f4000 JavaThread "Cache worker for checksums cache (D:\TaskActivity\.gradle\checksums)" [_thread_blocked, id=27088, stack(0x000000df94100000,0x000000df94200000)]
  0x00000266245fb800 JavaThread "Cache worker for cache directory md-supplier (C:\Users\HP\.gradle\caches\6.7.1\md-supplier)" [_thread_blocked, id=30312, stack(0x000000df94200000,0x000000df94300000)]
  0x00000266245fa800 JavaThread "Cache worker for cache directory md-rule (C:\Users\HP\.gradle\caches\6.7.1\md-rule)" [_thread_blocked, id=29976, stack(0x000000df94300000,0x000000df94400000)]
  0x00000266245fc800 JavaThread "Cache worker for Build Output Cleanup Cache (D:\TaskActivity\.gradle\buildOutputCleanup)" [_thread_blocked, id=33600, stack(0x000000df94600000,0x000000df94700000)]
  0x0000026624601000 JavaThread "Build operations" [_thread_blocked, id=32852, stack(0x000000df94700000,0x000000df94800000)]
  0x00000266245fd000 JavaThread "Build operations Thread 2" [_thread_blocked, id=33256, stack(0x000000df94800000,0x000000df94900000)]
  0x00000266245fe000 JavaThread "Build operations Thread 3" [_thread_blocked, id=8288, stack(0x000000df94900000,0x000000df94a00000)]
  0x00000266245fe800 JavaThread "Build operations Thread 4" [_thread_blocked, id=8564, stack(0x000000df94a00000,0x000000df94b00000)]
  0x00000266224f5000 JavaThread "Build operations Thread 5" [_thread_blocked, id=36728, stack(0x000000df94b00000,0x000000df94c00000)]
  0x00000266224f4000 JavaThread "Build operations Thread 6" [_thread_blocked, id=32508, stack(0x000000df94c00000,0x000000df94d00000)]
  0x00000266224f5800 JavaThread "Build operations Thread 7" [_thread_blocked, id=15120, stack(0x000000df94d00000,0x000000df94e00000)]
  0x0000026622247000 JavaThread "Build operations Thread 8" [_thread_blocked, id=33736, stack(0x000000df94e00000,0x000000df94f00000)]
  0x0000026624e81800 JavaThread "Build operations Thread 9" [_thread_blocked, id=33928, stack(0x000000df94f00000,0x000000df95000000)]
  0x0000026624e7f800 JavaThread "Build operations Thread 10" [_thread_blocked, id=17204, stack(0x000000df95000000,0x000000df95100000)]
  0x0000026624e80800 JavaThread "Build operations Thread 11" [_thread_blocked, id=27540, stack(0x000000df95100000,0x000000df95200000)]
  0x0000026624e84000 JavaThread "Build operations Thread 12" [_thread_blocked, id=11156, stack(0x000000df95200000,0x000000df95300000)]

Other Threads:
  0x000002661f795000 VMThread "VM Thread" [stack: 0x000000df90600000,0x000000df90700000] [id=22172]
  0x000002662029a800 WatcherThread [stack: 0x000000df91000000,0x000000df91100000] [id=31996]
  0x0000026605073800 GCTaskThread "GC Thread#0" [stack: 0x000000df90100000,0x000000df90200000] [id=36024]
  0x000002662101b800 GCTaskThread "GC Thread#1" [stack: 0x000000df91100000,0x000000df91200000] [id=36060]
  0x0000026622117000 GCTaskThread "GC Thread#2" [stack: 0x000000df91e00000,0x000000df91f00000] [id=33828]
  0x0000026622273000 GCTaskThread "GC Thread#3" [stack: 0x000000df91f00000,0x000000df92000000] [id=33396]
  0x00000266209d4000 GCTaskThread "GC Thread#4" [stack: 0x000000df92000000,0x000000df92100000] [id=33448]
  0x0000026622270000 GCTaskThread "GC Thread#5" [stack: 0x000000df92100000,0x000000df92200000] [id=8032]
  0x00000266221e9000 GCTaskThread "GC Thread#6" [stack: 0x000000df92200000,0x000000df92300000] [id=25336]
  0x0000026621c24800 GCTaskThread "GC Thread#7" [stack: 0x000000df92300000,0x000000df92400000] [id=23140]
  0x0000026621c5a800 GCTaskThread "GC Thread#8" [stack: 0x000000df92400000,0x000000df92500000] [id=36004]
  0x000002662224f000 GCTaskThread "GC Thread#9" [stack: 0x000000df92500000,0x000000df92600000] [id=31252]
  0x00000266050a5800 ConcurrentGCThread "G1 Main Marker" [stack: 0x000000df90200000,0x000000df90300000] [id=33868]
  0x00000266050ab000 ConcurrentGCThread "G1 Conc#0" [stack: 0x000000df90300000,0x000000df90400000] [id=26012]
  0x0000026621de8800 ConcurrentGCThread "G1 Conc#1" [stack: 0x000000df92800000,0x000000df92900000] [id=36268]
  0x0000026622114000 ConcurrentGCThread "G1 Conc#2" [stack: 0x000000df92900000,0x000000df92a00000] [id=36264]
  0x000002660513e800 ConcurrentGCThread "G1 Refine#0" [stack: 0x000000df90400000,0x000000df90500000] [id=3544]
  0x000002661f5e6800 ConcurrentGCThread "G1 Young RemSet Sampling" [stack: 0x000000df90500000,0x000000df90600000] [id=28516]

Threads with active compile tasks:
C2 CompilerThread0  40078 11035       4       java.util.regex.Pattern::compile (498 bytes)

VM state:not at safepoint (normal execution)

VM Mutex/Monitor currently owned by a thread: None

Heap address: 0x0000000080000000, size: 2048 MB, Compressed Oops mode: 32-bit
Narrow klass base: 0x0000000000000000, Narrow klass shift: 3
Compressed class space size: 1073741824 Address: 0x0000000100000000

Heap:
 garbage-first heap   total 152576K, used 107701K [0x0000000080000000, 0x0000000100000000)
  region size 1024K, 17 young (17408K), 5 survivors (5120K)
 Metaspace       used 105036K, capacity 107611K, committed 107648K, reserved 1142784K
  class space    used 13267K, capacity 14173K, committed 14208K, reserved 1048576K
Heap Regions: E=young(eden), S=young(survivor), O=old, HS=humongous(starts), HC=humongous(continues), CS=collection set, F=free, A=archive, TAMS=top-at-mark-start (previous, next)
|   0|0x0000000080000000, 0x0000000080100000, 0x0000000080100000|100%| O|  |TAMS 0x0000000080100000, 0x0000000080000000| Untracked 
|   1|0x0000000080100000, 0x0000000080200000, 0x0000000080200000|100%| O|  |TAMS 0x0000000080200000, 0x0000000080100000| Untracked 
|   2|0x0000000080200000, 0x0000000080300000, 0x0000000080300000|100%| O|  |TAMS 0x0000000080300000, 0x0000000080200000| Untracked 
|   3|0x0000000080300000, 0x0000000080400000, 0x0000000080400000|100%|HS|  |TAMS 0x0000000080400000, 0x0000000080300000| Complete 
|   4|0x0000000080400000, 0x0000000080500000, 0x0000000080500000|100%|HC|  |TAMS 0x0000000080500000, 0x0000000080400000| Complete 
|   5|0x0000000080500000, 0x0000000080600000, 0x0000000080600000|100%|HC|  |TAMS 0x0000000080600000, 0x0000000080500000| Complete 
|   6|0x0000000080600000, 0x0000000080700000, 0x0000000080700000|100%| O|  |TAMS 0x0000000080700000, 0x0000000080600000| Untracked 
|   7|0x0000000080700000, 0x0000000080800000, 0x0000000080800000|100%| O|  |TAMS 0x0000000080800000, 0x0000000080700000| Untracked 
|   8|0x0000000080800000, 0x0000000080900000, 0x0000000080900000|100%| O|  |TAMS 0x0000000080900000, 0x0000000080800000| Untracked 
|   9|0x0000000080900000, 0x0000000080a00000, 0x0000000080a00000|100%| O|  |TAMS 0x0000000080a00000, 0x0000000080900000| Untracked 
|  10|0x0000000080a00000, 0x0000000080b00000, 0x0000000080b00000|100%| O|  |TAMS 0x0000000080b00000, 0x0000000080a00000| Untracked 
|  11|0x0000000080b00000, 0x0000000080c00000, 0x0000000080c00000|100%| O|  |TAMS 0x0000000080c00000, 0x0000000080b00000| Untracked 
|  12|0x0000000080c00000, 0x0000000080d00000, 0x0000000080d00000|100%| O|  |TAMS 0x0000000080d00000, 0x0000000080c00000| Untracked 
|  13|0x0000000080d00000, 0x0000000080e00000, 0x0000000080e00000|100%| O|  |TAMS 0x0000000080e00000, 0x0000000080d00000| Untracked 
|  14|0x0000000080e00000, 0x0000000080f00000, 0x0000000080f00000|100%| O|  |TAMS 0x0000000080f00000, 0x0000000080e00000| Untracked 
|  15|0x0000000080f00000, 0x0000000081000000, 0x0000000081000000|100%| O|  |TAMS 0x0000000081000000, 0x0000000080f00000| Untracked 
|  16|0x0000000081000000, 0x0000000081100000, 0x0000000081100000|100%|HS|  |TAMS 0x0000000081100000, 0x0000000081000000| Complete 
|  17|0x0000000081100000, 0x0000000081200000, 0x0000000081200000|100%|HC|  |TAMS 0x0000000081200000, 0x0000000081100000| Complete 
|  18|0x0000000081200000, 0x0000000081300000, 0x0000000081300000|100%|HS|  |TAMS 0x0000000081300000, 0x0000000081200000| Complete 
|  19|0x0000000081300000, 0x0000000081400000, 0x0000000081400000|100%|HC|  |TAMS 0x0000000081400000, 0x0000000081300000| Complete 
|  20|0x0000000081400000, 0x0000000081500000, 0x0000000081500000|100%|HC|  |TAMS 0x0000000081500000, 0x0000000081400000| Complete 
|  21|0x0000000081500000, 0x0000000081600000, 0x0000000081600000|100%|HS|  |TAMS 0x0000000081600000, 0x0000000081500000| Complete 
|  22|0x0000000081600000, 0x0000000081700000, 0x0000000081700000|100%|HC|  |TAMS 0x0000000081700000, 0x0000000081600000| Complete 
|  23|0x0000000081700000, 0x0000000081800000, 0x0000000081800000|100%|HC|  |TAMS 0x0000000081800000, 0x0000000081700000| Complete 
|  24|0x0000000081800000, 0x0000000081900000, 0x0000000081900000|100%|HC|  |TAMS 0x0000000081900000, 0x0000000081800000| Complete 
|  25|0x0000000081900000, 0x0000000081a00000, 0x0000000081a00000|100%| O|  |TAMS 0x0000000081a00000, 0x0000000081900000| Untracked 
|  26|0x0000000081a00000, 0x0000000081b00000, 0x0000000081b00000|100%| O|  |TAMS 0x0000000081b00000, 0x0000000081a00000| Untracked 
|  27|0x0000000081b00000, 0x0000000081c00000, 0x0000000081c00000|100%| O|  |TAMS 0x0000000081c00000, 0x0000000081b00000| Untracked 
|  28|0x0000000081c00000, 0x0000000081d00000, 0x0000000081d00000|100%| O|  |TAMS 0x0000000081d00000, 0x0000000081c00000| Untracked 
|  29|0x0000000081d00000, 0x0000000081e00000, 0x0000000081e00000|100%| O|  |TAMS 0x0000000081e00000, 0x0000000081d00000| Untracked 
|  30|0x0000000081e00000, 0x0000000081f00000, 0x0000000081f00000|100%| O|  |TAMS 0x0000000081f00000, 0x0000000081e00000| Untracked 
|  31|0x0000000081f00000, 0x0000000082000000, 0x0000000082000000|100%|HS|  |TAMS 0x0000000082000000, 0x0000000081f00000| Complete 
|  32|0x0000000082000000, 0x0000000082100000, 0x0000000082100000|100%|HC|  |TAMS 0x0000000082100000, 0x0000000082000000| Complete 
|  33|0x0000000082100000, 0x0000000082200000, 0x0000000082200000|100%|HC|  |TAMS 0x0000000082200000, 0x0000000082100000| Complete 
|  34|0x0000000082200000, 0x0000000082300000, 0x0000000082300000|100%|HS|  |TAMS 0x0000000082300000, 0x0000000082200000| Complete 
|  35|0x0000000082300000, 0x0000000082400000, 0x0000000082400000|100%|HC|  |TAMS 0x0000000082400000, 0x0000000082300000| Complete 
|  36|0x0000000082400000, 0x0000000082500000, 0x0000000082500000|100%|HC|  |TAMS 0x0000000082500000, 0x0000000082400000| Complete 
|  37|0x0000000082500000, 0x0000000082600000, 0x0000000082600000|100%|HC|  |TAMS 0x0000000082600000, 0x0000000082500000| Complete 
|  38|0x0000000082600000, 0x0000000082700000, 0x0000000082700000|100%| O|  |TAMS 0x0000000082700000, 0x0000000082600000| Untracked 
|  39|0x0000000082700000, 0x0000000082800000, 0x0000000082800000|100%| O|  |TAMS 0x0000000082800000, 0x0000000082700000| Untracked 
|  40|0x0000000082800000, 0x0000000082900000, 0x0000000082900000|100%| O|  |TAMS 0x0000000082900000, 0x0000000082800000| Untracked 
|  41|0x0000000082900000, 0x0000000082a00000, 0x0000000082a00000|100%| O|  |TAMS 0x0000000082a00000, 0x0000000082900000| Untracked 
|  42|0x0000000082a00000, 0x0000000082b00000, 0x0000000082b00000|100%| O|  |TAMS 0x0000000082b00000, 0x0000000082a00000| Untracked 
|  43|0x0000000082b00000, 0x0000000082c00000, 0x0000000082c00000|100%| O|  |TAMS 0x0000000082c00000, 0x0000000082b00000| Untracked 
|  44|0x0000000082c00000, 0x0000000082d00000, 0x0000000082d00000|100%| O|  |TAMS 0x0000000082d00000, 0x0000000082c00000| Untracked 
|  45|0x0000000082d00000, 0x0000000082e00000, 0x0000000082e00000|100%| O|  |TAMS 0x0000000082e00000, 0x0000000082d00000| Untracked 
|  46|0x0000000082e00000, 0x0000000082f00000, 0x0000000082f00000|100%|HS|  |TAMS 0x0000000082f00000, 0x0000000082e00000| Complete 
|  47|0x0000000082f00000, 0x0000000083000000, 0x0000000083000000|100%|HS|  |TAMS 0x0000000083000000, 0x0000000082f00000| Complete 
|  48|0x0000000083000000, 0x0000000083100000, 0x0000000083100000|100%|HC|  |TAMS 0x0000000083100000, 0x0000000083000000| Complete 
|  49|0x0000000083100000, 0x0000000083200000, 0x0000000083200000|100%| O|  |TAMS 0x0000000083200000, 0x0000000083100000| Untracked 
|  50|0x0000000083200000, 0x0000000083300000, 0x0000000083300000|100%| O|  |TAMS 0x0000000083300000, 0x0000000083200000| Untracked 
|  51|0x0000000083300000, 0x0000000083400000, 0x0000000083400000|100%| O|  |TAMS 0x0000000083400000, 0x0000000083300000| Untracked 
|  52|0x0000000083400000, 0x0000000083500000, 0x0000000083500000|100%| O|  |TAMS 0x0000000083500000, 0x0000000083400000| Untracked 
|  53|0x0000000083500000, 0x0000000083600000, 0x0000000083600000|100%| O|  |TAMS 0x0000000083600000, 0x0000000083500000| Untracked 
|  54|0x0000000083600000, 0x0000000083700000, 0x0000000083700000|100%| O|  |TAMS 0x0000000083700000, 0x0000000083600000| Untracked 
|  55|0x0000000083700000, 0x0000000083800000, 0x0000000083800000|100%| O|  |TAMS 0x0000000083800000, 0x0000000083700000| Untracked 
|  56|0x0000000083800000, 0x0000000083900000, 0x0000000083900000|100%| O|  |TAMS 0x0000000083900000, 0x0000000083800000| Untracked 
|  57|0x0000000083900000, 0x0000000083a00000, 0x0000000083a00000|100%| O|  |TAMS 0x0000000083a00000, 0x0000000083900000| Untracked 
|  58|0x0000000083a00000, 0x0000000083b00000, 0x0000000083b00000|100%| O|  |TAMS 0x0000000083b00000, 0x0000000083a00000| Untracked 
|  59|0x0000000083b00000, 0x0000000083c00000, 0x0000000083c00000|100%| O|  |TAMS 0x0000000083c00000, 0x0000000083b00000| Untracked 
|  60|0x0000000083c00000, 0x0000000083d00000, 0x0000000083d00000|100%| O|  |TAMS 0x0000000083d00000, 0x0000000083c00000| Untracked 
|  61|0x0000000083d00000, 0x0000000083e00000, 0x0000000083e00000|100%| O|  |TAMS 0x0000000083e00000, 0x0000000083d00000| Untracked 
|  62|0x0000000083e00000, 0x0000000083f00000, 0x0000000083f00000|100%| O|  |TAMS 0x0000000083f00000, 0x0000000083e00000| Untracked 
|  63|0x0000000083f00000, 0x0000000084000000, 0x0000000084000000|100%| O|  |TAMS 0x0000000084000000, 0x0000000083f00000| Untracked 
|  64|0x0000000084000000, 0x0000000084100000, 0x0000000084100000|100%| O|  |TAMS 0x0000000084100000, 0x0000000084000000| Untracked 
|  65|0x0000000084100000, 0x0000000084200000, 0x0000000084200000|100%| O|  |TAMS 0x0000000084200000, 0x0000000084100000| Untracked 
|  66|0x0000000084200000, 0x0000000084300000, 0x0000000084300000|100%| O|  |TAMS 0x0000000084300000, 0x0000000084200000| Untracked 
|  67|0x0000000084300000, 0x0000000084400000, 0x0000000084400000|100%| O|  |TAMS 0x0000000084400000, 0x0000000084300000| Untracked 
|  68|0x0000000084400000, 0x0000000084500000, 0x0000000084500000|100%| O|  |TAMS 0x0000000084500000, 0x0000000084400000| Untracked 
|  69|0x0000000084500000, 0x0000000084600000, 0x0000000084600000|100%| O|  |TAMS 0x0000000084600000, 0x0000000084500000| Untracked 
|  70|0x0000000084600000, 0x0000000084700000, 0x0000000084700000|100%| O|  |TAMS 0x0000000084700000, 0x0000000084600000| Untracked 
|  71|0x0000000084700000, 0x0000000084800000, 0x0000000084800000|100%| O|  |TAMS 0x0000000084800000, 0x0000000084700000| Untracked 
|  72|0x0000000084800000, 0x0000000084900000, 0x0000000084900000|100%| O|  |TAMS 0x0000000084900000, 0x0000000084800000| Untracked 
|  73|0x0000000084900000, 0x0000000084a00000, 0x0000000084a00000|100%| O|  |TAMS 0x0000000084a00000, 0x0000000084900000| Untracked 
|  74|0x0000000084a00000, 0x0000000084b00000, 0x0000000084b00000|100%| O|  |TAMS 0x0000000084b00000, 0x0000000084a00000| Untracked 
|  75|0x0000000084b00000, 0x0000000084c00000, 0x0000000084c00000|100%| O|  |TAMS 0x0000000084c00000, 0x0000000084b00000| Untracked 
|  76|0x0000000084c00000, 0x0000000084d00000, 0x0000000084d00000|100%| O|  |TAMS 0x0000000084d00000, 0x0000000084c00000| Untracked 
|  77|0x0000000084d00000, 0x0000000084e00000, 0x0000000084e00000|100%| O|  |TAMS 0x0000000084e00000, 0x0000000084d00000| Untracked 
|  78|0x0000000084e00000, 0x0000000084f00000, 0x0000000084f00000|100%| O|  |TAMS 0x0000000084f00000, 0x0000000084e00000| Untracked 
|  79|0x0000000084f00000, 0x0000000085000000, 0x0000000085000000|100%| O|  |TAMS 0x0000000085000000, 0x0000000084f00000| Untracked 
|  80|0x0000000085000000, 0x0000000085100000, 0x0000000085100000|100%| O|  |TAMS 0x0000000085100000, 0x0000000085000000| Untracked 
|  81|0x0000000085100000, 0x0000000085200000, 0x0000000085200000|100%| O|  |TAMS 0x0000000085200000, 0x0000000085100000| Untracked 
|  82|0x0000000085200000, 0x0000000085300000, 0x0000000085300000|100%| O|  |TAMS 0x0000000085300000, 0x0000000085200000| Untracked 
|  83|0x0000000085300000, 0x0000000085400000, 0x0000000085400000|100%| O|  |TAMS 0x0000000085400000, 0x0000000085300000| Untracked 
|  84|0x0000000085400000, 0x0000000085500000, 0x0000000085500000|100%| O|  |TAMS 0x0000000085500000, 0x0000000085400000| Untracked 
|  85|0x0000000085500000, 0x0000000085600000, 0x0000000085600000|100%| O|  |TAMS 0x0000000085600000, 0x0000000085500000| Untracked 
|  86|0x0000000085600000, 0x0000000085700000, 0x0000000085700000|100%| O|  |TAMS 0x0000000085700000, 0x0000000085600000| Untracked 
|  87|0x0000000085700000, 0x0000000085800000, 0x0000000085800000|100%| O|  |TAMS 0x0000000085800000, 0x0000000085700000| Untracked 
|  88|0x0000000085800000, 0x0000000085900000, 0x0000000085900000|100%| O|  |TAMS 0x0000000085900000, 0x0000000085800000| Untracked 
|  89|0x0000000085900000, 0x00000000859c3400, 0x0000000085a00000| 76%| O|  |TAMS 0x00000000859c3400, 0x0000000085900000| Untracked 
|  90|0x0000000085a00000, 0x0000000085a00000, 0x0000000085b00000|  0%| F|  |TAMS 0x0000000085a00000, 0x0000000085a00000| Untracked 
|  91|0x0000000085b00000, 0x0000000085b00000, 0x0000000085c00000|  0%| F|  |TAMS 0x0000000085b00000, 0x0000000085b00000| Untracked 
|  92|0x0000000085c00000, 0x0000000085c00000, 0x0000000085d00000|  0%| F|  |TAMS 0x0000000085c00000, 0x0000000085c00000| Untracked 
|  93|0x0000000085d00000, 0x0000000085d00000, 0x0000000085e00000|  0%| F|  |TAMS 0x0000000085d00000, 0x0000000085d00000| Untracked 
|  94|0x0000000085e00000, 0x0000000085e00000, 0x0000000085f00000|  0%| F|  |TAMS 0x0000000085e00000, 0x0000000085e00000| Untracked 
|  95|0x0000000085f00000, 0x0000000085f00000, 0x0000000086000000|  0%| F|  |TAMS 0x0000000085f00000, 0x0000000085f00000| Untracked 
|  96|0x0000000086000000, 0x0000000086000000, 0x0000000086100000|  0%| F|  |TAMS 0x0000000086000000, 0x0000000086000000| Untracked 
|  97|0x0000000086100000, 0x0000000086100000, 0x0000000086200000|  0%| F|  |TAMS 0x0000000086100000, 0x0000000086100000| Untracked 
|  98|0x0000000086200000, 0x0000000086200000, 0x0000000086300000|  0%| F|  |TAMS 0x0000000086200000, 0x0000000086200000| Untracked 
|  99|0x0000000086300000, 0x0000000086300000, 0x0000000086400000|  0%| F|  |TAMS 0x0000000086300000, 0x0000000086300000| Untracked 
| 100|0x0000000086400000, 0x0000000086400000, 0x0000000086500000|  0%| F|  |TAMS 0x0000000086400000, 0x0000000086400000| Untracked 
| 101|0x0000000086500000, 0x0000000086500000, 0x0000000086600000|  0%| F|  |TAMS 0x0000000086500000, 0x0000000086500000| Untracked 
| 102|0x0000000086600000, 0x0000000086600000, 0x0000000086700000|  0%| F|  |TAMS 0x0000000086600000, 0x0000000086600000| Untracked 
| 103|0x0000000086700000, 0x0000000086700000, 0x0000000086800000|  0%| F|  |TAMS 0x0000000086700000, 0x0000000086700000| Untracked 
| 104|0x0000000086800000, 0x0000000086800000, 0x0000000086900000|  0%| F|  |TAMS 0x0000000086800000, 0x0000000086800000| Untracked 
| 105|0x0000000086900000, 0x0000000086900000, 0x0000000086a00000|  0%| F|  |TAMS 0x0000000086900000, 0x0000000086900000| Untracked 
| 106|0x0000000086a00000, 0x0000000086a00000, 0x0000000086b00000|  0%| F|  |TAMS 0x0000000086a00000, 0x0000000086a00000| Untracked 
| 107|0x0000000086b00000, 0x0000000086b00000, 0x0000000086c00000|  0%| F|  |TAMS 0x0000000086b00000, 0x0000000086b00000| Untracked 
| 108|0x0000000086c00000, 0x0000000086c6a0d8, 0x0000000086d00000| 41%| S|CS|TAMS 0x0000000086c00000, 0x0000000086c00000| Complete 
| 109|0x0000000086d00000, 0x0000000086e00000, 0x0000000086e00000|100%| S|CS|TAMS 0x0000000086d00000, 0x0000000086d00000| Complete 
| 110|0x0000000086e00000, 0x0000000086e00000, 0x0000000086f00000|  0%| F|  |TAMS 0x0000000086e00000, 0x0000000086e00000| Untracked 
| 111|0x0000000086f00000, 0x0000000086f00000, 0x0000000087000000|  0%| F|  |TAMS 0x0000000086f00000, 0x0000000086f00000| Untracked 
| 112|0x0000000087000000, 0x0000000087000000, 0x0000000087100000|  0%| F|  |TAMS 0x0000000087000000, 0x0000000087000000| Untracked 
| 113|0x0000000087100000, 0x0000000087100000, 0x0000000087200000|  0%| F|  |TAMS 0x0000000087100000, 0x0000000087100000| Untracked 
| 114|0x0000000087200000, 0x0000000087300000, 0x0000000087300000|100%| S|CS|TAMS 0x0000000087200000, 0x0000000087200000| Complete 
| 115|0x0000000087300000, 0x0000000087400000, 0x0000000087400000|100%| S|CS|TAMS 0x0000000087300000, 0x0000000087300000| Complete 
| 116|0x0000000087400000, 0x0000000087500000, 0x0000000087500000|100%| S|CS|TAMS 0x0000000087400000, 0x0000000087400000| Complete 
| 117|0x0000000087500000, 0x0000000087500000, 0x0000000087600000|  0%| F|  |TAMS 0x0000000087500000, 0x0000000087500000| Untracked 
| 118|0x0000000087600000, 0x0000000087600000, 0x0000000087700000|  0%| F|  |TAMS 0x0000000087600000, 0x0000000087600000| Untracked 
| 119|0x0000000087700000, 0x0000000087700000, 0x0000000087800000|  0%| F|  |TAMS 0x0000000087700000, 0x0000000087700000| Untracked 
| 120|0x0000000087800000, 0x0000000087800000, 0x0000000087900000|  0%| F|  |TAMS 0x0000000087800000, 0x0000000087800000| Untracked 
| 121|0x0000000087900000, 0x0000000087900000, 0x0000000087a00000|  0%| F|  |TAMS 0x0000000087900000, 0x0000000087900000| Untracked 
| 122|0x0000000087a00000, 0x0000000087a00000, 0x0000000087b00000|  0%| F|  |TAMS 0x0000000087a00000, 0x0000000087a00000| Untracked 
| 123|0x0000000087b00000, 0x0000000087b00000, 0x0000000087c00000|  0%| F|  |TAMS 0x0000000087b00000, 0x0000000087b00000| Untracked 
| 124|0x0000000087c00000, 0x0000000087c00000, 0x0000000087d00000|  0%| F|  |TAMS 0x0000000087c00000, 0x0000000087c00000| Untracked 
| 125|0x0000000087d00000, 0x0000000087d00000, 0x0000000087e00000|  0%| F|  |TAMS 0x0000000087d00000, 0x0000000087d00000| Untracked 
| 126|0x0000000087e00000, 0x0000000087e00000, 0x0000000087f00000|  0%| F|  |TAMS 0x0000000087e00000, 0x0000000087e00000| Untracked 
| 127|0x0000000087f00000, 0x0000000087f00000, 0x0000000088000000|  0%| F|  |TAMS 0x0000000087f00000, 0x0000000087f00000| Untracked 
| 128|0x0000000088000000, 0x0000000088000000, 0x0000000088100000|  0%| F|  |TAMS 0x0000000088000000, 0x0000000088000000| Untracked 
| 129|0x0000000088100000, 0x0000000088100000, 0x0000000088200000|  0%| F|  |TAMS 0x0000000088100000, 0x0000000088100000| Untracked 
| 130|0x0000000088200000, 0x0000000088200000, 0x0000000088300000|  0%| F|  |TAMS 0x0000000088200000, 0x0000000088200000| Untracked 
| 131|0x0000000088300000, 0x0000000088300000, 0x0000000088400000|  0%| F|  |TAMS 0x0000000088300000, 0x0000000088300000| Untracked 
| 132|0x0000000088400000, 0x0000000088400000, 0x0000000088500000|  0%| F|  |TAMS 0x0000000088400000, 0x0000000088400000| Untracked 
| 133|0x0000000088500000, 0x0000000088500000, 0x0000000088600000|  0%| F|  |TAMS 0x0000000088500000, 0x0000000088500000| Untracked 
| 134|0x0000000088600000, 0x0000000088600000, 0x0000000088700000|  0%| F|  |TAMS 0x0000000088600000, 0x0000000088600000| Untracked 
| 135|0x0000000088700000, 0x0000000088700000, 0x0000000088800000|  0%| F|  |TAMS 0x0000000088700000, 0x0000000088700000| Untracked 
| 136|0x0000000088800000, 0x0000000088800000, 0x0000000088900000|  0%| F|  |TAMS 0x0000000088800000, 0x0000000088800000| Untracked 
| 137|0x0000000088900000, 0x000000008896d2c8, 0x0000000088a00000| 42%| E|  |TAMS 0x0000000088900000, 0x0000000088900000| Complete 
| 138|0x0000000088a00000, 0x0000000088b00000, 0x0000000088b00000|100%| E|CS|TAMS 0x0000000088a00000, 0x0000000088a00000| Complete 
| 139|0x0000000088b00000, 0x0000000088c00000, 0x0000000088c00000|100%| E|CS|TAMS 0x0000000088b00000, 0x0000000088b00000| Complete 
| 140|0x0000000088c00000, 0x0000000088d00000, 0x0000000088d00000|100%| E|CS|TAMS 0x0000000088c00000, 0x0000000088c00000| Complete 
| 141|0x0000000088d00000, 0x0000000088e00000, 0x0000000088e00000|100%| E|CS|TAMS 0x0000000088d00000, 0x0000000088d00000| Complete 
| 142|0x0000000088e00000, 0x0000000088f00000, 0x0000000088f00000|100%| E|CS|TAMS 0x0000000088e00000, 0x0000000088e00000| Complete 
| 143|0x0000000088f00000, 0x0000000089000000, 0x0000000089000000|100%| E|CS|TAMS 0x0000000088f00000, 0x0000000088f00000| Complete 
| 144|0x0000000089000000, 0x0000000089100000, 0x0000000089100000|100%| E|CS|TAMS 0x0000000089000000, 0x0000000089000000| Complete 
| 145|0x0000000089100000, 0x0000000089200000, 0x0000000089200000|100%| E|CS|TAMS 0x0000000089100000, 0x0000000089100000| Complete 
| 146|0x0000000089200000, 0x0000000089300000, 0x0000000089300000|100%| E|CS|TAMS 0x0000000089200000, 0x0000000089200000| Complete 
| 147|0x0000000089300000, 0x0000000089400000, 0x0000000089400000|100%| E|CS|TAMS 0x0000000089300000, 0x0000000089300000| Complete 
| 148|0x0000000089400000, 0x0000000089500000, 0x0000000089500000|100%| E|CS|TAMS 0x0000000089400000, 0x0000000089400000| Complete 

Card table byte_map: [0x0000026618330000,0x0000026618730000] _byte_map_base: 0x0000026617f30000

Marking Bits (Prev, Next): (CMBitMap*) 0x000002660509ca58, (CMBitMap*) 0x000002660509ca90
 Prev Bits: [0x0000026618b30000, 0x000002661ab30000)
 Next Bits: [0x000002661ab30000, 0x000002661cb30000)

Polling page: 0x0000026604840000

Metaspace:

Usage:
  Non-class:     91.25 MB capacity,    89.63 MB ( 98%) used,     1.37 MB (  1%) free+waste,   260.13 KB ( <1%) overhead. 
      Class:     13.84 MB capacity,    12.96 MB ( 94%) used,   785.86 KB (  6%) free+waste,   120.06 KB ( <1%) overhead. 
       Both:    105.09 MB capacity,   102.58 MB ( 98%) used,     2.13 MB (  2%) free+waste,   380.19 KB ( <1%) overhead. 

Virtual space:
  Non-class space:       92.00 MB reserved,      91.25 MB (>99%) committed 
      Class space:        1.00 GB reserved,      13.88 MB (  1%) committed 
             Both:        1.09 GB reserved,     105.13 MB (  9%) committed 

Chunk freelists:
   Non-Class:  1.00 KB
       Class:  35.00 KB
        Both:  36.00 KB

MaxMetaspaceSize: 17179869184.00 GB
CompressedClassSpaceSize: 1.00 GB

CodeHeap 'non-profiled nmethods': size=120000Kb used=4887Kb max_used=4887Kb free=115112Kb
 bounds [0x00000266104b0000, 0x0000026610980000, 0x00000266179e0000]
CodeHeap 'profiled nmethods': size=120000Kb used=22084Kb max_used=22084Kb free=97915Kb
 bounds [0x0000026608f80000, 0x000002660a520000, 0x00000266104b0000]
CodeHeap 'non-nmethods': size=5760Kb used=2335Kb max_used=2369Kb free=3424Kb
 bounds [0x00000266089e0000, 0x0000026608c50000, 0x0000026608f80000]
 total_blobs=11628 nmethods=10676 adapters=862
 compilation: enabled
              stopped_count=0, restarted_count=0
 full_count=0

Compilation events (20 events):
Event: 40.017 Thread 0x000002661f7b8000 11172       2       org.gradle.internal.reflect.annotations.impl.DefaultTypeAnnotationMetadataStore$PropertyAnnotationMetadataBuilder$$Lambda$381/0x0000000100762040::accept (18 bytes)
Event: 40.017 Thread 0x000002661f7b8000 nmethod 11172 0x000002660a509090 code [0x000002660a509260, 0x000002660a509428]
Event: 40.018 Thread 0x000002661f7b8000 11173       2       com.google.common.collect.CompactHashSet::resizeMeMaybe (39 bytes)
Event: 40.019 Thread 0x000002661f7b8000 nmethod 11173 0x000002660a509510 code [0x000002660a5096c0, 0x000002660a509828]
Event: 40.019 Thread 0x000002661f7b8000 11174       2       com.google.common.collect.CompactHashSet::insertEntry (23 bytes)
Event: 40.019 Thread 0x000002661f7b8000 nmethod 11174 0x000002660a509910 code [0x000002660a509ac0, 0x000002660a509cd8]
Event: 40.019 Thread 0x000002661f7b8000 11175       2       org.gradle.api.internal.tasks.properties.AbstractPropertyNode::getQualifiedPropertyName (38 bytes)
Event: 40.020 Thread 0x000002661f7b8000 nmethod 11175 0x000002660a509e10 code [0x000002660a50a020, 0x000002660a50a3b8]
Event: 40.020 Thread 0x000002661f7b8000 11176       2       org.gradle.internal.graph.CachingDirectedGraphWalker$GraphWithEmptyEdges::getEdgeValues (1 bytes)
Event: 40.020 Thread 0x000002661f7b8000 nmethod 11176 0x000002660a50a590 code [0x000002660a50a740, 0x000002660a50a838]
Event: 40.020 Thread 0x000002661f7b8000 11177       2       org.gradle.internal.reflect.annotations.impl.DefaultTypeAnnotationMetadataStore$PropertyAnnotationMetadataBuilder::inheritAnnotations (35 bytes)
Event: 40.021 Thread 0x000002661f7b8000 nmethod 11177 0x000002660a50a910 code [0x000002660a50aae0, 0x000002660a50add8]
Event: 40.022 Thread 0x000002661f7b8000 11178       2       java.lang.reflect.Field::getDeclaredAnnotations (8 bytes)
Event: 40.023 Thread 0x000002661f7b8000 nmethod 11178 0x000002660a50af90 code [0x000002660a50b160, 0x000002660a50b308]
Event: 40.023 Thread 0x000002661f7b8000 11179       2       org.gradle.internal.reflect.annotations.impl.DefaultTypeAnnotationMetadataStore$PropertyAnnotationMetadataBuilder::allAnnotationCategories (43 bytes)
Event: 40.023 Thread 0x000002661f7b8000 nmethod 11179 0x000002660a50b410 code [0x000002660a50b640, 0x000002660a50ba18]
Event: 40.023 Thread 0x000002661f7b8000 11180       2       com.google.common.collect.CompactHashSet::iterator (9 bytes)
Event: 40.024 Thread 0x000002661f7b8000 nmethod 11180 0x000002660a50bc10 code [0x000002660a50bdc0, 0x000002660a50bf48]
Event: 40.024 Thread 0x000002661f7b8000 11181       2       com.google.common.collect.CompactHashSet$1::<init> (37 bytes)
Event: 40.024 Thread 0x000002661f7b8000 nmethod 11181 0x000002660a50c010 code [0x000002660a50c1c0, 0x000002660a50c358]

GC Heap History (20 events):
Event: 18.310 GC heap before
{Heap before GC invocations=27 (full 0):
 garbage-first heap   total 126976K, used 104927K [0x0000000080000000, 0x0000000100000000)
  region size 1024K, 33 young (33792K), 5 survivors (5120K)
 Metaspace       used 79288K, capacity 81266K, committed 81408K, reserved 1120256K
  class space    used 10272K, capacity 10897K, committed 11008K, reserved 1048576K
}
Event: 18.317 GC heap after
{Heap after GC invocations=28 (full 0):
 garbage-first heap   total 126976K, used 77952K [0x0000000080000000, 0x0000000100000000)
  region size 1024K, 4 young (4096K), 4 survivors (4096K)
 Metaspace       used 79288K, capacity 81266K, committed 81408K, reserved 1120256K
  class space    used 10272K, capacity 10897K, committed 11008K, reserved 1048576K
}
Event: 19.042 GC heap before
{Heap before GC invocations=28 (full 0):
 garbage-first heap   total 126976K, used 106624K [0x0000000080000000, 0x0000000100000000)
  region size 1024K, 32 young (32768K), 4 survivors (4096K)
 Metaspace       used 83100K, capacity 85154K, committed 85248K, reserved 1122304K
  class space    used 10799K, capacity 11438K, committed 11520K, reserved 1048576K
}
Event: 19.051 GC heap after
{Heap after GC invocations=29 (full 0):
 garbage-first heap   total 126976K, used 78897K [0x0000000080000000, 0x0000000100000000)
  region size 1024K, 3 young (3072K), 3 survivors (3072K)
 Metaspace       used 83100K, capacity 85154K, committed 85248K, reserved 1122304K
  class space    used 10799K, capacity 11438K, committed 11520K, reserved 1048576K
}
Event: 19.681 GC heap before
{Heap before GC invocations=30 (full 0):
 garbage-first heap   total 126976K, used 106545K [0x0000000080000000, 0x0000000100000000)
  region size 1024K, 30 young (30720K), 3 survivors (3072K)
 Metaspace       used 85795K, capacity 87727K, committed 87808K, reserved 1126400K
  class space    used 11105K, capacity 11736K, committed 11776K, reserved 1048576K
}
Event: 19.687 GC heap after
{Heap after GC invocations=31 (full 0):
 garbage-first heap   total 126976K, used 81198K [0x0000000080000000, 0x0000000100000000)
  region size 1024K, 4 young (4096K), 4 survivors (4096K)
 Metaspace       used 85795K, capacity 87727K, committed 87808K, reserved 1126400K
  class space    used 11105K, capacity 11736K, committed 11776K, reserved 1048576K
}
Event: 20.393 GC heap before
{Heap before GC invocations=31 (full 0):
 garbage-first heap   total 126976K, used 105774K [0x0000000080000000, 0x0000000100000000)
  region size 1024K, 29 young (29696K), 4 survivors (4096K)
 Metaspace       used 87653K, capacity 89857K, committed 89984K, reserved 1126400K
  class space    used 11376K, capacity 12104K, committed 12160K, reserved 1048576K
}
Event: 20.402 GC heap after
{Heap after GC invocations=32 (full 0):
 garbage-first heap   total 152576K, used 83430K [0x0000000080000000, 0x0000000100000000)
  region size 1024K, 4 young (4096K), 4 survivors (4096K)
 Metaspace       used 87653K, capacity 89857K, committed 89984K, reserved 1126400K
  class space    used 11376K, capacity 12104K, committed 12160K, reserved 1048576K
}
Event: 20.875 GC heap before
{Heap before GC invocations=33 (full 0):
 garbage-first heap   total 152576K, used 120294K [0x0000000080000000, 0x0000000100000000)
  region size 1024K, 41 young (41984K), 4 survivors (4096K)
 Metaspace       used 88163K, capacity 90444K, committed 90624K, reserved 1128448K
  class space    used 11435K, capacity 12190K, committed 12288K, reserved 1048576K
}
Event: 20.882 GC heap after
{Heap after GC invocations=34 (full 0):
 garbage-first heap   total 152576K, used 85667K [0x0000000080000000, 0x0000000100000000)
  region size 1024K, 5 young (5120K), 5 survivors (5120K)
 Metaspace       used 88163K, capacity 90444K, committed 90624K, reserved 1128448K
  class space    used 11435K, capacity 12190K, committed 12288K, reserved 1048576K
}
Event: 21.604 GC heap before
{Heap before GC invocations=34 (full 0):
 garbage-first heap   total 152576K, used 121507K [0x0000000080000000, 0x0000000100000000)
  region size 1024K, 41 young (41984K), 5 survivors (5120K)
 Metaspace       used 89829K, capacity 92069K, committed 92288K, reserved 1128448K
  class space    used 11618K, capacity 12355K, committed 12416K, reserved 1048576K
}
Event: 21.614 GC heap after
{Heap after GC invocations=35 (full 0):
 garbage-first heap   total 152576K, used 88309K [0x0000000080000000, 0x0000000100000000)
  region size 1024K, 5 young (5120K), 5 survivors (5120K)
 Metaspace       used 89829K, capacity 92069K, committed 92288K, reserved 1128448K
  class space    used 11618K, capacity 12355K, committed 12416K, reserved 1048576K
}
Event: 24.727 GC heap before
{Heap before GC invocations=36 (full 0):
 garbage-first heap   total 152576K, used 124149K [0x0000000080000000, 0x0000000100000000)
  region size 1024K, 41 young (41984K), 5 survivors (5120K)
 Metaspace       used 96226K, capacity 98612K, committed 98816K, reserved 1134592K
  class space    used 12420K, capacity 13251K, committed 13312K, reserved 1048576K
}
Event: 24.733 GC heap after
{Heap after GC invocations=37 (full 0):
 garbage-first heap   total 152576K, used 91126K [0x0000000080000000, 0x0000000100000000)
  region size 1024K, 6 young (6144K), 6 survivors (6144K)
 Metaspace       used 96226K, capacity 98612K, committed 98816K, reserved 1134592K
  class space    used 12420K, capacity 13251K, committed 13312K, reserved 1048576K
}
Event: 25.124 GC heap before
{Heap before GC invocations=37 (full 0):
 garbage-first heap   total 152576K, used 110582K [0x0000000080000000, 0x0000000100000000)
  region size 1024K, 27 young (27648K), 6 survivors (6144K)
 Metaspace       used 98439K, capacity 100937K, committed 100992K, reserved 1136640K
  class space    used 12756K, capacity 13659K, committed 13696K, reserved 1048576K
}
Event: 25.131 GC heap after
{Heap after GC invocations=38 (full 0):
 garbage-first heap   total 152576K, used 92556K [0x0000000080000000, 0x0000000100000000)
  region size 1024K, 2 young (2048K), 2 survivors (2048K)
 Metaspace       used 98439K, capacity 100937K, committed 100992K, reserved 1136640K
  class space    used 12756K, capacity 13659K, committed 13696K, reserved 1048576K
}
Event: 25.936 GC heap before
{Heap before GC invocations=39 (full 0):
 garbage-first heap   total 152576K, used 127372K [0x0000000080000000, 0x0000000100000000)
  region size 1024K, 35 young (35840K), 2 survivors (2048K)
 Metaspace       used 101223K, capacity 103697K, committed 104064K, reserved 1138688K
  class space    used 12968K, capacity 13802K, committed 13952K, reserved 1048576K
}
Event: 25.940 GC heap after
{Heap after GC invocations=40 (full 0):
 garbage-first heap   total 152576K, used 94427K [0x0000000080000000, 0x0000000100000000)
  region size 1024K, 4 young (4096K), 4 survivors (4096K)
 Metaspace       used 101223K, capacity 103697K, committed 104064K, reserved 1138688K
  class space    used 12968K, capacity 13802K, committed 13952K, reserved 1048576K
}
Event: 39.198 GC heap before
{Heap before GC invocations=40 (full 0):
 garbage-first heap   total 152576K, used 126171K [0x0000000080000000, 0x0000000100000000)
  region size 1024K, 36 young (36864K), 4 survivors (4096K)
 Metaspace       used 104558K, capacity 107125K, committed 107392K, reserved 1142784K
  class space    used 13230K, capacity 14090K, committed 14208K, reserved 1048576K
}
Event: 39.233 GC heap after
{Heap after GC invocations=41 (full 0):
 garbage-first heap   total 152576K, used 96437K [0x0000000080000000, 0x0000000100000000)
  region size 1024K, 5 young (5120K), 5 survivors (5120K)
 Metaspace       used 104558K, capacity 107125K, committed 107392K, reserved 1142784K
  class space    used 13230K, capacity 14090K, committed 14208K, reserved 1048576K
}

Deoptimization events (20 events):
Event: 38.655 Thread 0x0000026622126800 DEOPT PACKING pc=0x0000026609c501dd sp=0x000000df91af7830
Event: 38.655 Thread 0x0000026622126800 DEOPT UNPACKING pc=0x0000026608a072ce sp=0x000000df91af6ce8 mode 0
Event: 38.973 Thread 0x0000026624e84000 DEOPT PACKING pc=0x000002660a13b4ef sp=0x000000df952fe040
Event: 38.973 Thread 0x0000026624e84000 DEOPT UNPACKING pc=0x0000026608a072ce sp=0x000000df952fd540 mode 0
Event: 39.110 Thread 0x0000026622126800 Uncommon trap: trap_request=0xffffffc6 fr.pc=0x00000266105960f8 relative=0x0000000000000218
Event: 39.110 Thread 0x0000026622126800 Uncommon trap: reason=bimorphic_or_optimized_type_check action=maybe_recompile pc=0x00000266105960f8 method=com.google.common.base.CharMatcher.indexIn(Ljava/lang/CharSequence;I)I @ 31 c2
Event: 39.110 Thread 0x0000026622126800 DEOPT PACKING pc=0x00000266105960f8 sp=0x000000df91af8d40
Event: 39.110 Thread 0x0000026622126800 DEOPT UNPACKING pc=0x0000026608a074af sp=0x000000df91af8ce8 mode 2
Event: 39.647 Thread 0x0000026622126800 DEOPT PACKING pc=0x0000026609823771 sp=0x000000df91af9030
Event: 39.647 Thread 0x0000026622126800 DEOPT UNPACKING pc=0x0000026608a072ce sp=0x000000df91af8528 mode 0
Event: 39.786 Thread 0x0000026622126800 DEOPT PACKING pc=0x0000026609e58771 sp=0x000000df91af9c20
Event: 39.786 Thread 0x0000026622126800 DEOPT UNPACKING pc=0x0000026608a072ce sp=0x000000df91af90c8 mode 0
Event: 39.788 Thread 0x0000026622126800 DEOPT PACKING pc=0x0000026609e58771 sp=0x000000df91af9c20
Event: 39.788 Thread 0x0000026622126800 DEOPT UNPACKING pc=0x0000026608a072ce sp=0x000000df91af90c8 mode 0
Event: 39.821 Thread 0x0000026622126800 DEOPT PACKING pc=0x0000026609e5d23d sp=0x000000df91afa2a0
Event: 39.821 Thread 0x0000026622126800 DEOPT UNPACKING pc=0x0000026608a072ce sp=0x000000df91af9758 mode 0
Event: 39.878 Thread 0x0000026622126800 DEOPT PACKING pc=0x0000026609d8dce8 sp=0x000000df91af8a00
Event: 39.878 Thread 0x0000026622126800 DEOPT UNPACKING pc=0x0000026608a072ce sp=0x000000df91af7f10 mode 0
Event: 39.911 Thread 0x0000026622126800 DEOPT PACKING pc=0x0000026609dd9aa4 sp=0x000000df91afa850
Event: 39.912 Thread 0x0000026622126800 DEOPT UNPACKING pc=0x0000026608a072ce sp=0x000000df91af9d70 mode 0

Classes redefined (0 events):
No events

Internal exceptions (20 events):
Event: 25.998 Thread 0x0000026622126800 Exception <a 'java/lang/NoSuchMethodError'{0x00000000893ed268}: 'java.lang.Object java.lang.invoke.DirectMethodHandle$Holder.invokeSpecial(java.lang.Object, java.lang.Object, java.lang.Object, int, int, java.lang.Object, java.lang.Object)'> (0x00000000893ed268) thrown at [./src/hotspot/share/interpreter/linkResolver.cpp, line 773]
Event: 25.999 Thread 0x0000026622126800 Exception <a 'java/lang/NoSuchMethodError'{0x00000000893f63d8}: 'java.lang.Object java.lang.invoke.DirectMethodHandle$Holder.invokeStatic(java.lang.Object, java.lang.Object, java.lang.Object, int, int, java.lang.Object)'> (0x00000000893f63d8) thrown at [./src/hotspot/share/interpreter/linkResolver.cpp, line 773]
Event: 26.000 Thread 0x0000026622126800 Exception <a 'java/lang/NoSuchMethodError'{0x00000000893fa0f8}: 'java.lang.Object java.lang.invoke.DirectMethodHandle$Holder.invokeSpecial(java.lang.Object, java.lang.Object, java.lang.Object, java.lang.Object, int, int, java.lang.Object)'> (0x00000000893fa0f8) thrown at [./src/hotspot/share/interpreter/linkResolver.cpp, line 773]
Event: 26.000 Thread 0x0000026622126800 Exception <a 'java/lang/NoSuchMethodError'{0x00000000893fd618}: 'java.lang.Object java.lang.invoke.Invokers$Holder.linkToTargetMethod(java.lang.Object, java.lang.Object, int, int, java.lang.Object, java.lang.Object)'> (0x00000000893fd618) thrown at [./src/hotspot/share/interpreter/linkResolver.cpp, line 773]
Event: 38.457 Thread 0x0000026621f14000 Exception <a 'java/lang/NoSuchMethodError'{0x00000000887f16a0}: <clinit>> (0x00000000887f16a0) thrown at [./src/hotspot/share/prims/jni.cpp, line 1362]
Event: 38.624 Thread 0x00000266245f3800 Exception <a 'java/lang/NoSuchMethodError'{0x0000000088670c10}: <clinit>> (0x0000000088670c10) thrown at [./src/hotspot/share/prims/jni.cpp, line 1362]
Event: 38.624 Thread 0x00000266245f3800 Exception <a 'java/lang/NoSuchMethodError'{0x00000000884014a8}: <clinit>> (0x00000000884014a8) thrown at [./src/hotspot/share/prims/jni.cpp, line 1362]
Event: 38.627 Thread 0x00000266245f3800 Exception <a 'java/lang/NoSuchMethodError'{0x0000000088410230}: <clinit>> (0x0000000088410230) thrown at [./src/hotspot/share/prims/jni.cpp, line 1362]
Event: 38.627 Thread 0x00000266245f3800 Exception <a 'java/lang/NoSuchMethodError'{0x0000000088412080}: <clinit>> (0x0000000088412080) thrown at [./src/hotspot/share/prims/jni.cpp, line 1362]
Event: 38.628 Thread 0x00000266245f3800 Exception <a 'java/lang/NoSuchMethodError'{0x0000000088419658}: <clinit>> (0x0000000088419658) thrown at [./src/hotspot/share/prims/jni.cpp, line 1362]
Event: 39.095 Thread 0x0000026622126800 Exception <a 'java/lang/NoSuchMethodError'{0x00000000877b6a00}: 'long java.lang.invoke.DirectMethodHandle$Holder.invokeVirtual(java.lang.Object, java.lang.Object)'> (0x00000000877b6a00) thrown at [./src/hotspot/share/interpreter/linkResolver.cpp, line 773]
Event: 39.105 Thread 0x00000266245f3800 Exception <a 'java/lang/NoSuchMethodError'{0x0000000087607888}: <clinit>> (0x0000000087607888) thrown at [./src/hotspot/share/prims/jni.cpp, line 1362]
Event: 39.109 Thread 0x00000266245f3800 Exception <a 'java/lang/NoSuchMethodError'{0x0000000087624f30}: <clinit>> (0x0000000087624f30) thrown at [./src/hotspot/share/prims/jni.cpp, line 1362]
Event: 39.110 Thread 0x00000266245f3800 Exception <a 'java/lang/NoSuchMethodError'{0x0000000087626058}: <clinit>> (0x0000000087626058) thrown at [./src/hotspot/share/prims/jni.cpp, line 1362]
Event: 39.110 Thread 0x00000266245f3800 Exception <a 'java/lang/NoSuchMethodError'{0x0000000087627360}: <clinit>> (0x0000000087627360) thrown at [./src/hotspot/share/prims/jni.cpp, line 1362]
Event: 39.110 Thread 0x00000266245f3800 Exception <a 'java/lang/NoSuchMethodError'{0x0000000087628380}: <clinit>> (0x0000000087628380) thrown at [./src/hotspot/share/prims/jni.cpp, line 1362]
Event: 39.111 Thread 0x00000266245f3800 Exception <a 'java/lang/NoSuchMethodError'{0x0000000087632028}: <clinit>> (0x0000000087632028) thrown at [./src/hotspot/share/prims/jni.cpp, line 1362]
Event: 39.112 Thread 0x00000266245f3800 Exception <a 'java/lang/NoSuchMethodError'{0x000000008763c4a0}: <clinit>> (0x000000008763c4a0) thrown at [./src/hotspot/share/prims/jni.cpp, line 1362]
Event: 39.116 Thread 0x00000266245f3800 Exception <a 'java/lang/NoSuchMethodError'{0x00000000876cfeb0}: <clinit>> (0x00000000876cfeb0) thrown at [./src/hotspot/share/prims/jni.cpp, line 1362]
Event: 39.757 Thread 0x0000026622126800 Exception <a 'sun/nio/fs/WindowsException'{0x0000000088f889b8}> (0x0000000088f889b8) thrown at [./src/hotspot/share/prims/jni.cpp, line 615]

Events (20 events):
Event: 39.929 loading class com/android/build/gradle/internal/core/VariantSources$aidlSourceList$1
Event: 39.929 loading class com/android/build/gradle/internal/core/VariantSources$aidlSourceList$1 done
Event: 39.932 loading class com/android/build/gradle/internal/BuildToolsExecutableInput$sdkLoader$1
Event: 39.932 loading class com/android/build/gradle/internal/BuildToolsExecutableInput$sdkLoader$1 done
Event: 39.934 loading class com/android/build/gradle/internal/BuildToolsExecutableInput$aidlFrameworkProvider$1
Event: 39.934 loading class com/android/build/gradle/internal/BuildToolsExecutableInput$aidlFrameworkProvider$1 done
Event: 39.955 loading class org/gradle/internal/reflect/TypeValidationContext$Severity
Event: 39.955 loading class org/gradle/internal/reflect/TypeValidationContext$Severity done
Event: 39.955 loading class org/gradle/internal/reflect/TypeValidationContext
Event: 39.955 loading class org/gradle/internal/reflect/TypeValidationContext done
Event: 39.955 loading class org/gradle/internal/reflect/TypeValidationContext$Severity
Event: 39.955 loading class org/gradle/internal/reflect/TypeValidationContext$Severity done
Event: 39.958 loading class com/android/build/api/variant/FilterConfiguration$FilterType
Event: 39.958 loading class com/android/build/api/variant/FilterConfiguration$FilterType done
Event: 39.960 loading class com/android/build/api/variant/impl/VariantOutputImpl$SerializedForm
Event: 39.960 loading class com/android/build/api/variant/impl/VariantOutputImpl$SerializedForm done
Event: 39.965 loading class com/android/build/gradle/internal/AndroidJarInput$sdkLoader$1
Event: 39.965 loading class com/android/build/gradle/internal/AndroidJarInput$sdkLoader$1 done
Event: 39.967 loading class com/android/build/gradle/internal/AndroidJarInput$getAndroidJar$1
Event: 39.967 loading class com/android/build/gradle/internal/AndroidJarInput$getAndroidJar$1 done


Dynamic libraries:
0x00007ff7e72a0000 - 0x00007ff7e72aa000 	C:\Program Files\Android\Android Studio\jre\bin\java.exe
0x00007ffc28660000 - 0x00007ffc28869000 	C:\windows\SYSTEM32\ntdll.dll
0x00007ffc26930000 - 0x00007ffc269ed000 	C:\windows\System32\KERNEL32.DLL
0x00007ffc25c70000 - 0x00007ffc25fe9000 	C:\windows\System32\KERNELBASE.dll
0x00007ffc26150000 - 0x00007ffc26261000 	C:\windows\System32\ucrtbase.dll
0x00007ffc06b30000 - 0x00007ffc06b49000 	C:\Program Files\Android\Android Studio\jre\bin\jli.dll
0x00007ffc06b50000 - 0x00007ffc06b67000 	C:\Program Files\Android\Android Studio\jre\bin\VCRUNTIME140.dll
0x00007ffc271b0000 - 0x00007ffc2735c000 	C:\windows\System32\USER32.dll
0x00007ffc26270000 - 0x00007ffc26296000 	C:\windows\System32\win32u.dll
0x00007ffc27970000 - 0x00007ffc27999000 	C:\windows\System32\GDI32.dll
0x00007ffc25b50000 - 0x00007ffc25c62000 	C:\windows\System32\gdi32full.dll
0x00007ffc0a840000 - 0x00007ffc0aae5000 	C:\windows\WinSxS\amd64_microsoft.windows.common-controls_6595b64144ccf1df_6.0.22000.120_none_9d947278b86cc467\COMCTL32.dll
0x00007ffc260b0000 - 0x00007ffc2614d000 	C:\windows\System32\msvcp_win.dll
0x00007ffc27b30000 - 0x00007ffc27bd3000 	C:\windows\System32\msvcrt.dll
0x00007ffc28440000 - 0x00007ffc28471000 	C:\windows\System32\IMM32.DLL
0x00007ffbf4450000 - 0x00007ffbf44ed000 	C:\Program Files\Android\Android Studio\jre\bin\msvcp140.dll
0x00007ffbd8bf0000 - 0x00007ffbd96ac000 	C:\Program Files\Android\Android Studio\jre\bin\server\jvm.dll
0x00007ffc279a0000 - 0x00007ffc27a4e000 	C:\windows\System32\ADVAPI32.dll
0x00007ffc26620000 - 0x00007ffc266be000 	C:\windows\System32\sechost.dll
0x00007ffc26500000 - 0x00007ffc26620000 	C:\windows\System32\RPCRT4.dll
0x00007ffc26770000 - 0x00007ffc26778000 	C:\windows\System32\PSAPI.DLL
0x00007ffc1b520000 - 0x00007ffc1b553000 	C:\windows\SYSTEM32\WINMM.dll
0x00007ffc0d600000 - 0x00007ffc0d609000 	C:\windows\SYSTEM32\WSOCK32.dll
0x00007ffc26e90000 - 0x00007ffc26eff000 	C:\windows\System32\WS2_32.dll
0x00007ffc1a4a0000 - 0x00007ffc1a4aa000 	C:\windows\SYSTEM32\VERSION.dll
0x00007ffc24c20000 - 0x00007ffc24c38000 	C:\windows\SYSTEM32\kernel.appcore.dll
0x00007ffc1bde0000 - 0x00007ffc1bdf1000 	C:\Program Files\Android\Android Studio\jre\bin\verify.dll
0x00007ffc235b0000 - 0x00007ffc237d1000 	C:\windows\SYSTEM32\DBGHELP.DLL
0x00007ffc04030000 - 0x00007ffc04061000 	C:\windows\SYSTEM32\dbgcore.DLL
0x00007ffc262a0000 - 0x00007ffc2631f000 	C:\windows\System32\bcryptPrimitives.dll
0x00007ffc0cd80000 - 0x00007ffc0cda9000 	C:\Program Files\Android\Android Studio\jre\bin\java.dll
0x00007ffc1f230000 - 0x00007ffc1f23b000 	C:\Program Files\Android\Android Studio\jre\bin\jimage.dll
0x00007ffc0e320000 - 0x00007ffc0e338000 	C:\Program Files\Android\Android Studio\jre\bin\zip.dll
0x00007ffc27be0000 - 0x00007ffc2838f000 	C:\windows\System32\SHELL32.dll
0x00007ffc23c80000 - 0x00007ffc244e8000 	C:\windows\SYSTEM32\windows.storage.dll
0x00007ffc27360000 - 0x00007ffc276d8000 	C:\windows\System32\combase.dll
0x00007ffc23b10000 - 0x00007ffc23c76000 	C:\windows\SYSTEM32\wintypes.dll
0x00007ffc27760000 - 0x00007ffc2784a000 	C:\windows\System32\SHCORE.dll
0x00007ffc26f90000 - 0x00007ffc26fed000 	C:\windows\System32\shlwapi.dll
0x00007ffc25a80000 - 0x00007ffc25aa1000 	C:\windows\SYSTEM32\profapi.dll
0x00007ffc0d180000 - 0x00007ffc0d19a000 	C:\Program Files\Android\Android Studio\jre\bin\net.dll
0x00007ffc1e100000 - 0x00007ffc1e20c000 	C:\windows\SYSTEM32\WINHTTP.dll
0x00007ffc25080000 - 0x00007ffc250e7000 	C:\windows\system32\mswsock.dll
0x00007ffc08fb0000 - 0x00007ffc08fc4000 	C:\Program Files\Android\Android Studio\jre\bin\nio.dll
0x00007ffc0b750000 - 0x00007ffc0b777000 	C:\Users\HP\.gradle\native\fdc75f09e3144964f2cf3f50f0aa648679c211496f362492102eb8c894070792\windows-amd64\native-platform.dll
0x00007ffbe00d0000 - 0x00007ffbe0266000 	C:\Users\HP\.gradle\native\12488b8bf47d2d4c9fbf2f6322a914ad602e24e48041cd04a747c6da556b65c4\windows-amd64\native-platform-file-events.dll
0x00007ffc1be40000 - 0x00007ffc1be4a000 	C:\Program Files\Android\Android Studio\jre\bin\management.dll
0x00007ffc18780000 - 0x00007ffc1878c000 	C:\Program Files\Android\Android Studio\jre\bin\management_ext.dll
0x00007ffc252c0000 - 0x00007ffc252d8000 	C:\windows\SYSTEM32\CRYPTSP.dll
0x00007ffc24b80000 - 0x00007ffc24bb5000 	C:\windows\system32\rsaenh.dll
0x00007ffc25170000 - 0x00007ffc25199000 	C:\windows\SYSTEM32\USERENV.dll
0x00007ffc254b0000 - 0x00007ffc254d7000 	C:\windows\SYSTEM32\bcrypt.dll
0x00007ffc252e0000 - 0x00007ffc252ec000 	C:\windows\SYSTEM32\CRYPTBASE.dll
0x00007ffc24730000 - 0x00007ffc2475d000 	C:\windows\SYSTEM32\IPHLPAPI.DLL
0x00007ffc276e0000 - 0x00007ffc276e9000 	C:\windows\System32\NSI.dll
0x00007ffc1b820000 - 0x00007ffc1b839000 	C:\windows\SYSTEM32\dhcpcsvc6.DLL
0x00007ffc1c1b0000 - 0x00007ffc1c1ce000 	C:\windows\SYSTEM32\dhcpcsvc.DLL
0x00007ffc24760000 - 0x00007ffc24848000 	C:\windows\SYSTEM32\DNSAPI.dll
0x00007ffc1e480000 - 0x00007ffc1e48c000 	C:\windows\SYSTEM32\WINNSI.DLL
0x00007ffbfc6f0000 - 0x00007ffbfc717000 	C:\Program Files\Android\Android Studio\jre\bin\sunec.dll
0x00007ffc1c470000 - 0x00007ffc1c47a000 	C:\Windows\System32\rasadhlp.dll
0x00007ffc18400000 - 0x00007ffc18481000 	C:\windows\System32\fwpuclnt.dll

dbghelp: loaded successfully - version: 4.0.5 - missing functions: none
symbol engine: initialized successfully - sym options: 0x614 - pdb path: .;C:\Program Files\Android\Android Studio\jre\bin;C:\windows\SYSTEM32;C:\windows\WinSxS\amd64_microsoft.windows.common-controls_6595b64144ccf1df_6.0.22000.120_none_9d947278b86cc467;C:\Program Files\Android\Android Studio\jre\bin\server;C:\Users\HP\.gradle\native\fdc75f09e3144964f2cf3f50f0aa648679c211496f362492102eb8c894070792\windows-amd64;C:\Users\HP\.gradle\native\12488b8bf47d2d4c9fbf2f6322a914ad602e24e48041cd04a747c6da556b65c4\windows-amd64

VM Arguments:
jvm_args: --add-opens=java.base/java.util=ALL-UNNAMED --add-opens=java.base/java.lang=ALL-UNNAMED --add-opens=java.base/java.lang.invoke=ALL-UNNAMED --add-opens=java.prefs/java.util.prefs=ALL-UNNAMED -Xmx2048m -Dfile.encoding=UTF-8 -Duser.country=US -Duser.language=en -Duser.variant 
java_command: org.gradle.launcher.daemon.bootstrap.GradleDaemon 6.7.1
java_class_path (initial): C:\Users\HP\.gradle\wrapper\dists\gradle-6.7.1-bin\bwlcbys1h7rz3272sye1xwiv6\gradle-6.7.1\lib\gradle-launcher-6.7.1.jar
Launcher Type: SUN_STANDARD

[Global flags]
     intx CICompilerCount                          = 4                                         {product} {ergonomic}
     uint ConcGCThreads                            = 3                                         {product} {ergonomic}
     uint G1ConcRefinementThreads                  = 10                                        {product} {ergonomic}
   size_t G1HeapRegionSize                         = 1048576                                   {product} {ergonomic}
    uintx GCDrainStackTargetSize                   = 64                                        {product} {ergonomic}
   size_t InitialHeapSize                          = 130023424                                 {product} {ergonomic}
   size_t MarkStackSize                            = 4194304                                   {product} {ergonomic}
   size_t MaxHeapSize                              = 2147483648                                {product} {command line}
   size_t MaxNewSize                               = 1287651328                                {product} {ergonomic}
   size_t MinHeapDeltaBytes                        = 1048576                                   {product} {ergonomic}
    uintx NonNMethodCodeHeapSize                   = 5836300                                {pd product} {ergonomic}
    uintx NonProfiledCodeHeapSize                  = 122910970                              {pd product} {ergonomic}
    uintx ProfiledCodeHeapSize                     = 122910970                              {pd product} {ergonomic}
    uintx ReservedCodeCacheSize                    = 251658240                              {pd product} {ergonomic}
     bool SegmentedCodeCache                       = true                                      {product} {ergonomic}
     bool UseCompressedClassPointers               = true                                 {lp64_product} {ergonomic}
     bool UseCompressedOops                        = true                                 {lp64_product} {ergonomic}
     bool UseG1GC                                  = true                                      {product} {ergonomic}
     bool UseLargePagesIndividualAllocation        = false                                  {pd product} {ergonomic}

Logging:
Log output configuration:
 #0: stdout all=warning uptime,level,tags
 #1: stderr all=off uptime,level,tags

Environment Variables:
JAVA_HOME=C:\Users\HP\Downloads\jdk-18_windows-x64_bin\jdk-18.0.1.1
PATH=C:\Program Files\Common Files\Oracle\Java\javapath;C:\windows\system32;C:\windows;C:\windows\System32\Wbem;C:\windows\System32\WindowsPowerShell\v1.0\;C:\windows\System32\OpenSSH\;C:\Users\HP\Downloads\jdk-18_windows-x64_bin;C:\Users\HP\AppData\Local\Microsoft\WindowsApps;
USERNAME=HP
OS=Windows_NT
PROCESSOR_IDENTIFIER=Intel64 Family 6 Model 154 Stepping 4, GenuineIntel



---------------  S Y S T E M  ---------------

OS: Windows 10 , 64 bit Build 22000 (10.0.22000.675)
OS uptime: 9 days 23:45 hours
HyperV virtualization detected

CPU:total 12 (initial active 12) (6 cores per cpu, 2 threads per core) family 6 model 154 stepping 4, cmov, cx8, fxsr, mmx, sse, sse2, sse3, ssse3, sse4.1, sse4.2, popcnt, avx, avx2, aes, clmul, erms, 3dnowpref, lzcnt, ht, tsc, tscinvbit, bmi1, bmi2, adx, sha, fma

Memory: 4k page, system-wide physical 7865M (302M free)
TotalPageFile size 31303M (AvailPageFile size 5M)
current process WorkingSet (physical memory assigned to process): 308M, peak: 405M
current process commit charge ("private bytes"): 447M, peak: 448M

vm_info: OpenJDK 64-Bit Server VM (11.0.8+10-b944.6842174) for windows-amd64 JRE (11.0.8+10-b944.6842174), built on Sep 19 2020 01:11:42 by "builder" with MS VC++ 14.0 (VS2015)

END.
